<?xml version="1.0" encoding="UTF-8"?>
<coverage generated="1748855470476" clover="3.2.0">
  <project timestamp="1748855470476" name="All files">
    <metrics statements="247" coveredstatements="246" conditionals="131" coveredconditionals="84" methods="101" coveredmethods="101" elements="479" coveredelements="431" complexity="0" loc="247" ncloc="247" packages="1" files="4" classes="4"/>
    <file name="api-service.ts" path="C:\Users\David\Documents\APKMobile\nextjs\nextjs-pc\tiendita-pc\lib\api-service.ts">
      <metrics statements="196" coveredstatements="195" conditionals="96" coveredconditionals="52" methods="95" coveredmethods="95"/>
      <line num="2" count="1" type="stmt"/>
      <line num="60" count="1" type="stmt"/>
      <line num="62" count="30" type="stmt"/>
      <line num="63" count="180" type="stmt"/>
      <line num="81" count="180" type="stmt"/>
      <line num="98" count="180" type="stmt"/>
      <line num="115" count="240" type="stmt"/>
      <line num="133" count="210" type="stmt"/>
      <line num="150" count="180" type="stmt"/>
      <line num="167" count="210" type="stmt"/>
      <line num="184" count="240" type="stmt"/>
      <line num="203" count="30" type="stmt"/>
      <line num="247" count="30" type="stmt"/>
      <line num="444" count="30" type="stmt"/>
      <line num="448" count="1" type="stmt"/>
      <line num="449" count="29" type="cond" truecount="0" falsecount="1"/>
      <line num="451" count="29" type="stmt"/>
      <line num="454" count="29" type="stmt"/>
      <line num="456" count="29" type="cond" truecount="1" falsecount="0"/>
      <line num="457" count="29" type="stmt"/>
      <line num="460" count="29" type="cond" truecount="1" falsecount="0"/>
      <line num="461" count="29" type="stmt"/>
      <line num="464" count="29" type="cond" truecount="1" falsecount="0"/>
      <line num="465" count="29" type="stmt"/>
      <line num="469" count="29" type="stmt"/>
      <line num="473" count="1" type="stmt"/>
      <line num="476" count="29" type="stmt"/>
      <line num="480" count="7" type="stmt"/>
      <line num="481" count="7" type="stmt"/>
      <line num="482" count="7" type="cond" truecount="0" falsecount="1"/>
      <line num="485" count="7" type="cond" truecount="2" falsecount="0"/>
      <line num="488" count="7" type="cond" truecount="3" falsecount="0"/>
      <line num="489" count="1" type="stmt"/>
      <line num="490" count="1" type="stmt"/>
      <line num="491" count="1" type="stmt"/>
      <line num="494" count="7" type="stmt"/>
      <line num="497" count="3" type="stmt"/>
      <line num="498" count="3" type="stmt"/>
      <line num="499" count="3" type="cond" truecount="0" falsecount="1"/>
      <line num="500" count="3" type="cond" truecount="1" falsecount="1"/>
      <line num="501" count="56" type="cond" truecount="4" falsecount="0"/>
      <line num="504" count="1" type="stmt"/>
      <line num="505" count="1" type="stmt"/>
      <line num="506" count="1" type="cond" truecount="0" falsecount="1"/>
      <line num="507" count="1" type="cond" truecount="1" falsecount="1"/>
      <line num="508" count="1" type="cond" truecount="2" falsecount="0"/>
      <line num="509" count="1" type="cond" truecount="1" falsecount="0"/>
      <line num="510" count="1" type="stmt"/>
      <line num="511" count="1" type="stmt"/>
      <line num="513" count="1" type="stmt"/>
      <line num="516" count="1" type="stmt"/>
      <line num="517" count="1" type="stmt"/>
      <line num="518" count="1" type="cond" truecount="0" falsecount="1"/>
      <line num="519" count="1" type="cond" truecount="1" falsecount="1"/>
      <line num="520" count="54" type="stmt"/>
      <line num="521" count="1" type="stmt"/>
      <line num="522" count="1" type="stmt"/>
      <line num="523" count="1" type="stmt"/>
      <line num="524" count="1" type="stmt"/>
      <line num="527" count="1" type="stmt"/>
      <line num="528" count="1" type="stmt"/>
      <line num="529" count="1" type="cond" truecount="0" falsecount="1"/>
      <line num="530" count="1" type="cond" truecount="1" falsecount="1"/>
      <line num="531" count="54" type="cond" truecount="2" falsecount="0"/>
      <line num="532" count="1" type="stmt"/>
      <line num="533" count="1" type="stmt"/>
      <line num="537" count="6" type="stmt"/>
      <line num="538" count="6" type="stmt"/>
      <line num="539" count="6" type="cond" truecount="0" falsecount="1"/>
      <line num="540" count="6" type="cond" truecount="1" falsecount="1"/>
      <line num="543" count="3" type="stmt"/>
      <line num="544" count="3" type="stmt"/>
      <line num="545" count="3" type="cond" truecount="0" falsecount="1"/>
      <line num="546" count="3" type="cond" truecount="1" falsecount="1"/>
      <line num="547" count="7" type="cond" truecount="2" falsecount="0"/>
      <line num="550" count="1" type="stmt"/>
      <line num="551" count="1" type="stmt"/>
      <line num="552" count="1" type="cond" truecount="0" falsecount="1"/>
      <line num="553" count="1" type="cond" truecount="1" falsecount="1"/>
      <line num="554" count="1" type="stmt"/>
      <line num="555" count="1" type="cond" truecount="1" falsecount="0"/>
      <line num="556" count="1" type="stmt"/>
      <line num="557" count="1" type="stmt"/>
      <line num="559" count="1" type="stmt"/>
      <line num="562" count="1" type="stmt"/>
      <line num="563" count="1" type="stmt"/>
      <line num="564" count="1" type="cond" truecount="0" falsecount="1"/>
      <line num="565" count="1" type="cond" truecount="1" falsecount="1"/>
      <line num="566" count="5" type="stmt"/>
      <line num="567" count="1" type="stmt"/>
      <line num="568" count="1" type="stmt"/>
      <line num="572" count="8" type="stmt"/>
      <line num="573" count="8" type="stmt"/>
      <line num="574" count="8" type="cond" truecount="0" falsecount="1"/>
      <line num="575" count="8" type="cond" truecount="1" falsecount="1"/>
      <line num="578" count="2" type="stmt"/>
      <line num="579" count="2" type="stmt"/>
      <line num="580" count="2" type="cond" truecount="0" falsecount="1"/>
      <line num="581" count="2" type="cond" truecount="1" falsecount="1"/>
      <line num="582" count="2" type="cond" truecount="1" falsecount="1"/>
      <line num="585" count="1" type="stmt"/>
      <line num="586" count="1" type="stmt"/>
      <line num="587" count="1" type="cond" truecount="0" falsecount="1"/>
      <line num="588" count="1" type="cond" truecount="1" falsecount="1"/>
      <line num="589" count="5" type="stmt"/>
      <line num="592" count="3" type="stmt"/>
      <line num="593" count="3" type="stmt"/>
      <line num="594" count="3" type="cond" truecount="0" falsecount="1"/>
      <line num="595" count="3" type="cond" truecount="1" falsecount="1"/>
      <line num="596" count="3" type="stmt"/>
      <line num="597" count="3" type="stmt"/>
      <line num="598" count="3" type="stmt"/>
      <line num="599" count="3" type="stmt"/>
      <line num="600" count="3" type="stmt"/>
      <line num="603" count="1" type="stmt"/>
      <line num="604" count="1" type="stmt"/>
      <line num="605" count="1" type="cond" truecount="0" falsecount="1"/>
      <line num="606" count="1" type="cond" truecount="1" falsecount="1"/>
      <line num="607" count="1" type="stmt"/>
      <line num="608" count="1" type="cond" truecount="1" falsecount="0"/>
      <line num="609" count="1" type="stmt"/>
      <line num="610" count="1" type="stmt"/>
      <line num="612" count="1" type="stmt"/>
      <line num="615" count="1" type="stmt"/>
      <line num="616" count="1" type="stmt"/>
      <line num="617" count="1" type="cond" truecount="0" falsecount="1"/>
      <line num="618" count="1" type="cond" truecount="1" falsecount="1"/>
      <line num="619" count="5" type="stmt"/>
      <line num="620" count="1" type="stmt"/>
      <line num="621" count="1" type="stmt"/>
      <line num="625" count="5" type="stmt"/>
      <line num="626" count="5" type="stmt"/>
      <line num="627" count="5" type="cond" truecount="0" falsecount="1"/>
      <line num="628" count="5" type="cond" truecount="1" falsecount="1"/>
      <line num="631" count="3" type="stmt"/>
      <line num="632" count="3" type="stmt"/>
      <line num="633" count="3" type="cond" truecount="0" falsecount="1"/>
      <line num="634" count="3" type="cond" truecount="1" falsecount="1"/>
      <line num="635" count="3" type="stmt"/>
      <line num="640" count="3" type="stmt"/>
      <line num="641" count="3" type="stmt"/>
      <line num="642" count="3" type="stmt"/>
      <line num="645" count="1" type="stmt"/>
      <line num="646" count="1" type="stmt"/>
      <line num="647" count="1" type="cond" truecount="0" falsecount="1"/>
      <line num="648" count="1" type="cond" truecount="1" falsecount="1"/>
      <line num="649" count="1" type="stmt"/>
      <line num="650" count="1" type="cond" truecount="1" falsecount="0"/>
      <line num="651" count="1" type="stmt"/>
      <line num="652" count="1" type="stmt"/>
      <line num="654" count="1" type="stmt"/>
      <line num="657" count="1" type="stmt"/>
      <line num="658" count="1" type="stmt"/>
      <line num="659" count="1" type="cond" truecount="0" falsecount="1"/>
      <line num="660" count="1" type="cond" truecount="1" falsecount="1"/>
      <line num="661" count="1" type="stmt"/>
      <line num="662" count="1" type="stmt"/>
      <line num="663" count="1" type="stmt"/>
      <line num="675" count="1" type="stmt"/>
      <line num="676" count="1" type="stmt"/>
      <line num="677" count="1" type="cond" truecount="0" falsecount="1"/>
      <line num="678" count="0" type="stmt"/>
      <line num="688" count="1" type="cond" truecount="1" falsecount="1"/>
      <line num="689" count="1" type="cond" truecount="1" falsecount="1"/>
      <line num="692" count="7" type="stmt"/>
      <line num="693" count="1" type="stmt"/>
      <line num="694" count="1" type="stmt"/>
      <line num="695" count="1" type="cond" truecount="1" falsecount="1"/>
      <line num="698" count="1" type="stmt"/>
      <line num="699" count="1" type="stmt"/>
      <line num="701" count="1" type="stmt"/>
      <line num="702" count="1" type="stmt"/>
      <line num="703" count="12" type="stmt"/>
      <line num="704" count="12" type="stmt"/>
      <line num="705" count="12" type="stmt"/>
      <line num="708" count="1" type="stmt"/>
      <line num="709" count="7" type="stmt"/>
      <line num="710" count="7" type="stmt"/>
      <line num="711" count="7" type="cond" truecount="1" falsecount="0"/>
      <line num="714" count="1" type="stmt"/>
      <line num="715" count="12" type="stmt"/>
      <line num="716" count="12" type="stmt"/>
      <line num="723" count="1" type="stmt"/>
      <line num="724" count="7" type="stmt"/>
      <line num="725" count="7" type="stmt"/>
      <line num="726" count="7" type="stmt"/>
      <line num="727" count="7" type="stmt"/>
      <line num="731" count="1" type="stmt"/>
      <line num="732" count="1" type="stmt"/>
      <line num="733" count="7" type="stmt"/>
      <line num="734" count="11" type="stmt"/>
      <line num="735" count="11" type="cond" truecount="2" falsecount="0"/>
      <line num="738" count="1" type="stmt"/>
      <line num="739" count="10" type="stmt"/>
      <line num="740" count="20" type="stmt"/>
      <line num="743" count="1" type="stmt"/>
    </file>
    <file name="calculations.ts" path="C:\Users\David\Documents\APKMobile\nextjs\nextjs-pc\tiendita-pc\lib\calculations.ts">
      <metrics statements="46" coveredstatements="46" conditionals="35" coveredconditionals="32" methods="5" coveredmethods="5"/>
      <line num="3" count="1" type="stmt"/>
      <line num="4" count="4" type="stmt"/>
      <line num="7" count="4" type="cond" truecount="1" falsecount="0"/>
      <line num="8" count="2" type="stmt"/>
      <line num="12" count="4" type="cond" truecount="1" falsecount="0"/>
      <line num="13" count="1" type="stmt"/>
      <line num="17" count="4" type="cond" truecount="1" falsecount="0"/>
      <line num="18" count="2" type="cond" truecount="2" falsecount="0"/>
      <line num="22" count="4" type="cond" truecount="1" falsecount="0"/>
      <line num="23" count="1" type="stmt"/>
      <line num="27" count="4" type="cond" truecount="1" falsecount="0"/>
      <line num="28" count="2" type="cond" truecount="2" falsecount="0"/>
      <line num="29" count="2" type="stmt"/>
      <line num="31" count="1" type="stmt"/>
      <line num="36" count="4" type="cond" truecount="1" falsecount="0"/>
      <line num="37" count="1" type="stmt"/>
      <line num="41" count="4" type="cond" truecount="1" falsecount="0"/>
      <line num="42" count="1" type="stmt"/>
      <line num="46" count="4" type="cond" truecount="3" falsecount="0"/>
      <line num="47" count="2" type="stmt"/>
      <line num="50" count="4" type="stmt"/>
      <line num="53" count="1" type="stmt"/>
      <line num="54" count="6" type="stmt"/>
      <line num="57" count="6" type="stmt"/>
      <line num="58" count="6" type="stmt"/>
      <line num="61" count="6" type="cond" truecount="1" falsecount="0"/>
      <line num="63" count="3" type="cond" truecount="2" falsecount="0"/>
      <line num="64" count="3" type="stmt"/>
      <line num="68" count="6" type="cond" truecount="1" falsecount="0"/>
      <line num="69" count="3" type="cond" truecount="2" falsecount="0"/>
      <line num="73" count="6" type="cond" truecount="1" falsecount="0"/>
      <line num="74" count="2" type="cond" truecount="1" falsecount="1"/>
      <line num="75" count="2" type="stmt"/>
      <line num="79" count="6" type="cond" truecount="1" falsecount="0"/>
      <line num="80" count="4" type="cond" truecount="2" falsecount="0"/>
      <line num="82" count="2" type="stmt"/>
      <line num="83" count="5" type="cond" truecount="1" falsecount="0"/>
      <line num="84" count="4" type="cond" truecount="1" falsecount="0"/>
      <line num="85" count="2" type="cond" truecount="1" falsecount="0"/>
      <line num="86" count="1" type="stmt"/>
      <line num="88" count="2" type="stmt"/>
      <line num="91" count="2" type="cond" truecount="1" falsecount="1"/>
      <line num="92" count="2" type="cond" truecount="2" falsecount="0"/>
      <line num="93" count="1" type="cond" truecount="1" falsecount="1"/>
      <line num="94" count="1" type="stmt"/>
      <line num="98" count="6" type="stmt"/>
    </file>
    <file name="mock-data.ts" path="C:\Users\David\Documents\APKMobile\nextjs\nextjs-pc\tiendita-pc\lib\mock-data.ts">
      <metrics statements="1" coveredstatements="1" conditionals="0" coveredconditionals="0" methods="0" coveredmethods="0"/>
      <line num="1" count="1" type="stmt"/>
    </file>
    <file name="utils.ts" path="C:\Users\David\Documents\APKMobile\nextjs\nextjs-pc\tiendita-pc\lib\utils.ts">
      <metrics statements="4" coveredstatements="4" conditionals="0" coveredconditionals="0" methods="1" coveredmethods="1"/>
      <line num="1" count="1" type="stmt"/>
      <line num="2" count="1" type="stmt"/>
      <line num="4" count="1" type="stmt"/>
      <line num="5" count="7" type="stmt"/>
    </file>
  </project>
</coverage>
