{"C:\\Users\\David\\Documents\\APKMobile\\nextjs\\nextjs-pc\\tiendita-pc\\lib\\api-service.ts": {"path":"C:\\Users\\David\\Documents\\APKMobile\\nextjs\\nextjs-pc\\tiendita-pc\\lib\\api-service.ts","statementMap":{"0":{"start":{"line":2,"column":0},"end":{"line":2,"column":42}},"1":{"start":{"line":60,"column":25},"end":{"line":445,"column":1}},"2":{"start":{"line":62,"column":30},"end":{"line":200,"column":null}},"3":{"start":{"line":63,"column":34},"end":{"line":79,"column":null}},"4":{"start":{"line":81,"column":34},"end":{"line":96,"column":null}},"5":{"start":{"line":98,"column":34},"end":{"line":113,"column":null}},"6":{"start":{"line":115,"column":42},"end":{"line":131,"column":null}},"7":{"start":{"line":133,"column":45},"end":{"line":148,"column":null}},"8":{"start":{"line":150,"column":37},"end":{"line":165,"column":null}},"9":{"start":{"line":167,"column":39},"end":{"line":182,"column":null}},"10":{"start":{"line":184,"column":42},"end":{"line":198,"column":null}},"11":{"start":{"line":203,"column":24},"end":{"line":244,"column":null}},"12":{"start":{"line":247,"column":26},"end":{"line":442,"column":null}},"13":{"start":{"line":444,"column":2},"end":{"line":444,"column":null}},"14":{"start":{"line":448,"column":31},"end":{"line":470,"column":1}},"15":{"start":{"line":449,"column":2},"end":{"line":449,"column":43}},"16":{"start":{"line":449,"column":37},"end":{"line":449,"column":43}},"17":{"start":{"line":451,"column":38},"end":{"line":451,"column":56}},"18":{"start":{"line":454,"column":2},"end":{"line":454,"column":null}},"19":{"start":{"line":456,"column":2},"end":{"line":458,"column":3}},"20":{"start":{"line":457,"column":4},"end":{"line":457,"column":null}},"21":{"start":{"line":460,"column":2},"end":{"line":462,"column":3}},"22":{"start":{"line":461,"column":4},"end":{"line":461,"column":null}},"23":{"start":{"line":464,"column":2},"end":{"line":466,"column":3}},"24":{"start":{"line":465,"column":4},"end":{"line":465,"column":null}},"25":{"start":{"line":469,"column":2},"end":{"line":469,"column":null}},"26":{"start":{"line":473,"column":13},"end":{"line":753,"column":null}},"27":{"start":{"line":476,"column":4},"end":{"line":476,"column":null}},"28":{"start":{"line":480,"column":46},"end":{"line":495,"column":null}},"29":{"start":{"line":481,"column":4},"end":{"line":481,"column":61}},"30":{"start":{"line":481,"column":35},"end":{"line":481,"column":59}},"31":{"start":{"line":482,"column":4},"end":{"line":482,"column":null}},"32":{"start":{"line":482,"column":39},"end":{"line":482,"column":null}},"33":{"start":{"line":485,"column":19},"end":{"line":485,"column":71}},"34":{"start":{"line":488,"column":4},"end":{"line":492,"column":5}},"35":{"start":{"line":489,"column":40},"end":{"line":489,"column":58}},"36":{"start":{"line":490,"column":6},"end":{"line":490,"column":null}},"37":{"start":{"line":491,"column":6},"end":{"line":491,"column":null}},"38":{"start":{"line":494,"column":4},"end":{"line":494,"column":null}},"39":{"start":{"line":497,"column":78},"end":{"line":502,"column":null}},"40":{"start":{"line":498,"column":4},"end":{"line":498,"column":61}},"41":{"start":{"line":498,"column":35},"end":{"line":498,"column":59}},"42":{"start":{"line":499,"column":4},"end":{"line":499,"column":null}},"43":{"start":{"line":499,"column":39},"end":{"line":499,"column":null}},"44":{"start":{"line":500,"column":32},"end":{"line":500,"column":84}},"45":{"start":{"line":501,"column":4},"end":{"line":501,"column":null}},"46":{"start":{"line":501,"column":32},"end":{"line":501,"column":62}},"47":{"start":{"line":504,"column":62},"end":{"line":514,"column":null}},"48":{"start":{"line":505,"column":4},"end":{"line":505,"column":61}},"49":{"start":{"line":505,"column":35},"end":{"line":505,"column":59}},"50":{"start":{"line":506,"column":4},"end":{"line":506,"column":null}},"51":{"start":{"line":506,"column":39},"end":{"line":506,"column":null}},"52":{"start":{"line":507,"column":32},"end":{"line":507,"column":84}},"53":{"start":{"line":508,"column":18},"end":{"line":508,"column":91}},"54":{"start":{"line":508,"column":44},"end":{"line":508,"column":90}},"55":{"start":{"line":509,"column":4},"end":{"line":512,"column":5}},"56":{"start":{"line":510,"column":6},"end":{"line":510,"column":null}},"57":{"start":{"line":511,"column":6},"end":{"line":511,"column":null}},"58":{"start":{"line":513,"column":4},"end":{"line":513,"column":null}},"59":{"start":{"line":516,"column":74},"end":{"line":525,"column":null}},"60":{"start":{"line":517,"column":4},"end":{"line":517,"column":61}},"61":{"start":{"line":517,"column":35},"end":{"line":517,"column":59}},"62":{"start":{"line":518,"column":4},"end":{"line":518,"column":null}},"63":{"start":{"line":518,"column":39},"end":{"line":518,"column":null}},"64":{"start":{"line":519,"column":32},"end":{"line":519,"column":84}},"65":{"start":{"line":520,"column":18},"end":{"line":520,"column":63}},"66":{"start":{"line":520,"column":50},"end":{"line":520,"column":54}},"67":{"start":{"line":521,"column":23},"end":{"line":521,"column":59}},"68":{"start":{"line":522,"column":4},"end":{"line":522,"column":null}},"69":{"start":{"line":523,"column":4},"end":{"line":523,"column":null}},"70":{"start":{"line":524,"column":4},"end":{"line":524,"column":null}},"71":{"start":{"line":527,"column":70},"end":{"line":534,"column":null}},"72":{"start":{"line":528,"column":4},"end":{"line":528,"column":61}},"73":{"start":{"line":528,"column":35},"end":{"line":528,"column":59}},"74":{"start":{"line":529,"column":4},"end":{"line":529,"column":null}},"75":{"start":{"line":529,"column":39},"end":{"line":529,"column":null}},"76":{"start":{"line":530,"column":32},"end":{"line":530,"column":84}},"77":{"start":{"line":531,"column":29},"end":{"line":531,"column":86}},"78":{"start":{"line":531,"column":52},"end":{"line":531,"column":85}},"79":{"start":{"line":532,"column":4},"end":{"line":532,"column":null}},"80":{"start":{"line":533,"column":4},"end":{"line":533,"column":null}},"81":{"start":{"line":537,"column":40},"end":{"line":541,"column":null}},"82":{"start":{"line":538,"column":4},"end":{"line":538,"column":61}},"83":{"start":{"line":538,"column":35},"end":{"line":538,"column":59}},"84":{"start":{"line":539,"column":4},"end":{"line":539,"column":null}},"85":{"start":{"line":539,"column":39},"end":{"line":539,"column":null}},"86":{"start":{"line":540,"column":4},"end":{"line":540,"column":null}},"87":{"start":{"line":543,"column":58},"end":{"line":548,"column":null}},"88":{"start":{"line":544,"column":4},"end":{"line":544,"column":61}},"89":{"start":{"line":544,"column":35},"end":{"line":544,"column":59}},"90":{"start":{"line":545,"column":4},"end":{"line":545,"column":null}},"91":{"start":{"line":545,"column":39},"end":{"line":545,"column":null}},"92":{"start":{"line":546,"column":26},"end":{"line":546,"column":75}},"93":{"start":{"line":547,"column":4},"end":{"line":547,"column":null}},"94":{"start":{"line":547,"column":29},"end":{"line":547,"column":40}},"95":{"start":{"line":550,"column":50},"end":{"line":560,"column":null}},"96":{"start":{"line":551,"column":4},"end":{"line":551,"column":61}},"97":{"start":{"line":551,"column":35},"end":{"line":551,"column":59}},"98":{"start":{"line":552,"column":4},"end":{"line":552,"column":null}},"99":{"start":{"line":552,"column":39},"end":{"line":552,"column":null}},"100":{"start":{"line":553,"column":26},"end":{"line":553,"column":75}},"101":{"start":{"line":554,"column":18},"end":{"line":554,"column":58}},"102":{"start":{"line":554,"column":41},"end":{"line":554,"column":57}},"103":{"start":{"line":555,"column":4},"end":{"line":558,"column":5}},"104":{"start":{"line":556,"column":6},"end":{"line":556,"column":null}},"105":{"start":{"line":557,"column":6},"end":{"line":557,"column":null}},"106":{"start":{"line":559,"column":4},"end":{"line":559,"column":null}},"107":{"start":{"line":562,"column":53},"end":{"line":569,"column":null}},"108":{"start":{"line":563,"column":4},"end":{"line":563,"column":61}},"109":{"start":{"line":563,"column":35},"end":{"line":563,"column":59}},"110":{"start":{"line":564,"column":4},"end":{"line":564,"column":null}},"111":{"start":{"line":564,"column":39},"end":{"line":564,"column":null}},"112":{"start":{"line":565,"column":26},"end":{"line":565,"column":75}},"113":{"start":{"line":566,"column":26},"end":{"line":566,"column":58}},"114":{"start":{"line":566,"column":46},"end":{"line":566,"column":57}},"115":{"start":{"line":567,"column":4},"end":{"line":567,"column":null}},"116":{"start":{"line":568,"column":4},"end":{"line":568,"column":null}},"117":{"start":{"line":572,"column":42},"end":{"line":576,"column":null}},"118":{"start":{"line":573,"column":4},"end":{"line":573,"column":61}},"119":{"start":{"line":573,"column":35},"end":{"line":573,"column":59}},"120":{"start":{"line":574,"column":4},"end":{"line":574,"column":null}},"121":{"start":{"line":574,"column":39},"end":{"line":574,"column":null}},"122":{"start":{"line":575,"column":4},"end":{"line":575,"column":null}},"123":{"start":{"line":578,"column":60},"end":{"line":583,"column":null}},"124":{"start":{"line":579,"column":4},"end":{"line":579,"column":61}},"125":{"start":{"line":579,"column":35},"end":{"line":579,"column":59}},"126":{"start":{"line":580,"column":4},"end":{"line":580,"column":null}},"127":{"start":{"line":580,"column":39},"end":{"line":580,"column":null}},"128":{"start":{"line":581,"column":28},"end":{"line":581,"column":78}},"129":{"start":{"line":582,"column":4},"end":{"line":582,"column":null}},"130":{"start":{"line":582,"column":30},"end":{"line":582,"column":41}},"131":{"start":{"line":585,"column":64},"end":{"line":590,"column":null}},"132":{"start":{"line":586,"column":4},"end":{"line":586,"column":61}},"133":{"start":{"line":586,"column":35},"end":{"line":586,"column":59}},"134":{"start":{"line":587,"column":4},"end":{"line":587,"column":null}},"135":{"start":{"line":587,"column":39},"end":{"line":587,"column":null}},"136":{"start":{"line":588,"column":28},"end":{"line":588,"column":78}},"137":{"start":{"line":589,"column":4},"end":{"line":589,"column":null}},"138":{"start":{"line":589,"column":32},"end":{"line":589,"column":51}},"139":{"start":{"line":592,"column":66},"end":{"line":601,"column":null}},"140":{"start":{"line":593,"column":4},"end":{"line":593,"column":61}},"141":{"start":{"line":593,"column":35},"end":{"line":593,"column":59}},"142":{"start":{"line":594,"column":4},"end":{"line":594,"column":null}},"143":{"start":{"line":594,"column":39},"end":{"line":594,"column":null}},"144":{"start":{"line":595,"column":28},"end":{"line":595,"column":78}},"145":{"start":{"line":596,"column":18},"end":{"line":596,"column":70}},"146":{"start":{"line":597,"column":21},"end":{"line":597,"column":53}},"147":{"start":{"line":598,"column":4},"end":{"line":598,"column":null}},"148":{"start":{"line":599,"column":4},"end":{"line":599,"column":null}},"149":{"start":{"line":600,"column":4},"end":{"line":600,"column":null}},"150":{"start":{"line":603,"column":54},"end":{"line":613,"column":null}},"151":{"start":{"line":604,"column":4},"end":{"line":604,"column":61}},"152":{"start":{"line":604,"column":35},"end":{"line":604,"column":59}},"153":{"start":{"line":605,"column":4},"end":{"line":605,"column":null}},"154":{"start":{"line":605,"column":39},"end":{"line":605,"column":null}},"155":{"start":{"line":606,"column":28},"end":{"line":606,"column":78}},"156":{"start":{"line":607,"column":18},"end":{"line":607,"column":60}},"157":{"start":{"line":607,"column":42},"end":{"line":607,"column":59}},"158":{"start":{"line":608,"column":4},"end":{"line":611,"column":5}},"159":{"start":{"line":609,"column":6},"end":{"line":609,"column":null}},"160":{"start":{"line":610,"column":6},"end":{"line":610,"column":null}},"161":{"start":{"line":612,"column":4},"end":{"line":612,"column":null}},"162":{"start":{"line":615,"column":54},"end":{"line":622,"column":null}},"163":{"start":{"line":616,"column":4},"end":{"line":616,"column":61}},"164":{"start":{"line":616,"column":35},"end":{"line":616,"column":59}},"165":{"start":{"line":617,"column":4},"end":{"line":617,"column":null}},"166":{"start":{"line":617,"column":39},"end":{"line":617,"column":null}},"167":{"start":{"line":618,"column":28},"end":{"line":618,"column":78}},"168":{"start":{"line":619,"column":27},"end":{"line":619,"column":60}},"169":{"start":{"line":619,"column":48},"end":{"line":619,"column":59}},"170":{"start":{"line":620,"column":4},"end":{"line":620,"column":null}},"171":{"start":{"line":621,"column":4},"end":{"line":621,"column":null}},"172":{"start":{"line":625,"column":52},"end":{"line":629,"column":null}},"173":{"start":{"line":626,"column":4},"end":{"line":626,"column":61}},"174":{"start":{"line":626,"column":35},"end":{"line":626,"column":59}},"175":{"start":{"line":627,"column":4},"end":{"line":627,"column":null}},"176":{"start":{"line":627,"column":39},"end":{"line":627,"column":null}},"177":{"start":{"line":628,"column":4},"end":{"line":628,"column":null}},"178":{"start":{"line":631,"column":83},"end":{"line":643,"column":null}},"179":{"start":{"line":632,"column":4},"end":{"line":632,"column":61}},"180":{"start":{"line":632,"column":35},"end":{"line":632,"column":59}},"181":{"start":{"line":633,"column":4},"end":{"line":633,"column":99}},"182":{"start":{"line":633,"column":39},"end":{"line":633,"column":99}},"183":{"start":{"line":634,"column":38},"end":{"line":634,"column":93}},"184":{"start":{"line":635,"column":18},"end":{"line":638,"column":null}},"185":{"start":{"line":640,"column":4},"end":{"line":640,"column":null}},"186":{"start":{"line":641,"column":4},"end":{"line":641,"column":null}},"187":{"start":{"line":642,"column":4},"end":{"line":642,"column":null}},"188":{"start":{"line":645,"column":69},"end":{"line":655,"column":null}},"189":{"start":{"line":646,"column":4},"end":{"line":646,"column":61}},"190":{"start":{"line":646,"column":35},"end":{"line":646,"column":59}},"191":{"start":{"line":647,"column":4},"end":{"line":647,"column":null}},"192":{"start":{"line":647,"column":39},"end":{"line":647,"column":null}},"193":{"start":{"line":648,"column":38},"end":{"line":648,"column":93}},"194":{"start":{"line":649,"column":18},"end":{"line":649,"column":65}},"195":{"start":{"line":649,"column":47},"end":{"line":649,"column":64}},"196":{"start":{"line":650,"column":4},"end":{"line":653,"column":5}},"197":{"start":{"line":651,"column":6},"end":{"line":651,"column":null}},"198":{"start":{"line":652,"column":6},"end":{"line":652,"column":null}},"199":{"start":{"line":654,"column":4},"end":{"line":654,"column":null}},"200":{"start":{"line":657,"column":59},"end":{"line":664,"column":null}},"201":{"start":{"line":658,"column":4},"end":{"line":658,"column":61}},"202":{"start":{"line":658,"column":35},"end":{"line":658,"column":59}},"203":{"start":{"line":659,"column":4},"end":{"line":659,"column":null}},"204":{"start":{"line":659,"column":39},"end":{"line":659,"column":null}},"205":{"start":{"line":660,"column":38},"end":{"line":660,"column":93}},"206":{"start":{"line":661,"column":27},"end":{"line":661,"column":65}},"207":{"start":{"line":661,"column":53},"end":{"line":661,"column":64}},"208":{"start":{"line":662,"column":4},"end":{"line":662,"column":null}},"209":{"start":{"line":663,"column":4},"end":{"line":663,"column":null}},"210":{"start":{"line":675,"column":7},"end":{"line":752,"column":null}},"211":{"start":{"line":676,"column":4},"end":{"line":676,"column":61}},"212":{"start":{"line":676,"column":35},"end":{"line":676,"column":59}},"213":{"start":{"line":677,"column":4},"end":{"line":686,"column":null}},"214":{"start":{"line":678,"column":6},"end":{"line":686,"column":null}},"215":{"start":{"line":688,"column":28},"end":{"line":688,"column":78}},"216":{"start":{"line":689,"column":26},"end":{"line":689,"column":75}},"217":{"start":{"line":692,"column":23},"end":{"line":692,"column":74}},"218":{"start":{"line":692,"column":53},"end":{"line":692,"column":70}},"219":{"start":{"line":693,"column":24},"end":{"line":693,"column":37}},"220":{"start":{"line":694,"column":23},"end":{"line":694,"column":35}},"221":{"start":{"line":695,"column":30},"end":{"line":695,"column":76}},"222":{"start":{"line":698,"column":24},"end":{"line":698,"column":108}},"223":{"start":{"line":699,"column":16},"end":{"line":699,"column":26}},"224":{"start":{"line":701,"column":45},"end":{"line":701,"column":47}},"225":{"start":{"line":702,"column":4},"end":{"line":706,"column":5}},"226":{"start":{"line":702,"column":17},"end":{"line":702,"column":19}},"227":{"start":{"line":703,"column":22},"end":{"line":703,"column":72}},"228":{"start":{"line":704,"column":18},"end":{"line":704,"column":66}},"229":{"start":{"line":705,"column":6},"end":{"line":705,"column":null}},"230":{"start":{"line":708,"column":4},"end":{"line":712,"column":null}},"231":{"start":{"line":709,"column":16},"end":{"line":709,"column":36}},"232":{"start":{"line":710,"column":18},"end":{"line":710,"column":54}},"233":{"start":{"line":711,"column":6},"end":{"line":711,"column":null}},"234":{"start":{"line":711,"column":27},"end":{"line":711,"column":null}},"235":{"start":{"line":714,"column":25},"end":{"line":720,"column":6}},"236":{"start":{"line":715,"column":33},"end":{"line":715,"column":59}},"237":{"start":{"line":716,"column":6},"end":{"line":719,"column":null}},"238":{"start":{"line":723,"column":27},"end":{"line":728,"column":null}},"239":{"start":{"line":724,"column":39},"end":{"line":724,"column":64}},"240":{"start":{"line":725,"column":36},"end":{"line":725,"column":58}},"241":{"start":{"line":726,"column":38},"end":{"line":726,"column":62}},"242":{"start":{"line":727,"column":38},"end":{"line":727,"column":62}},"243":{"start":{"line":731,"column":52},"end":{"line":731,"column":54}},"244":{"start":{"line":732,"column":4},"end":{"line":737,"column":null}},"245":{"start":{"line":733,"column":6},"end":{"line":736,"column":null}},"246":{"start":{"line":734,"column":21},"end":{"line":734,"column":30}},"247":{"start":{"line":735,"column":8},"end":{"line":735,"column":null}},"248":{"start":{"line":738,"column":24},"end":{"line":741,"column":18}},"249":{"start":{"line":739,"column":31},"end":{"line":739,"column":46}},"250":{"start":{"line":740,"column":22},"end":{"line":740,"column":39}},"251":{"start":{"line":743,"column":4},"end":{"line":751,"column":null}}},"fnMap":{"0":{"name":"(anonymous_7)","decl":{"start":{"line":60,"column":25},"end":{"line":60,"column":28}},"loc":{"start":{"line":60,"column":30},"end":{"line":445,"column":1}}},"1":{"name":"(anonymous_8)","decl":{"start":{"line":63,"column":24},"end":{"line":63,"column":25}},"loc":{"start":{"line":63,"column":34},"end":{"line":79,"column":null}}},"2":{"name":"(anonymous_9)","decl":{"start":{"line":81,"column":24},"end":{"line":81,"column":25}},"loc":{"start":{"line":81,"column":34},"end":{"line":96,"column":null}}},"3":{"name":"(anonymous_10)","decl":{"start":{"line":98,"column":24},"end":{"line":98,"column":25}},"loc":{"start":{"line":98,"column":34},"end":{"line":113,"column":null}}},"4":{"name":"(anonymous_11)","decl":{"start":{"line":115,"column":32},"end":{"line":115,"column":33}},"loc":{"start":{"line":115,"column":42},"end":{"line":131,"column":null}}},"5":{"name":"(anonymous_12)","decl":{"start":{"line":133,"column":35},"end":{"line":133,"column":36}},"loc":{"start":{"line":133,"column":45},"end":{"line":148,"column":null}}},"6":{"name":"(anonymous_13)","decl":{"start":{"line":150,"column":27},"end":{"line":150,"column":28}},"loc":{"start":{"line":150,"column":37},"end":{"line":165,"column":null}}},"7":{"name":"(anonymous_14)","decl":{"start":{"line":167,"column":29},"end":{"line":167,"column":30}},"loc":{"start":{"line":167,"column":39},"end":{"line":182,"column":null}}},"8":{"name":"(anonymous_15)","decl":{"start":{"line":184,"column":32},"end":{"line":184,"column":33}},"loc":{"start":{"line":184,"column":42},"end":{"line":198,"column":null}}},"9":{"name":"(anonymous_16)","decl":{"start":{"line":448,"column":31},"end":{"line":448,"column":34}},"loc":{"start":{"line":448,"column":36},"end":{"line":470,"column":1}}},"10":{"name":"(anonymous_17)","decl":{"start":{"line":475,"column":8},"end":{"line":475,"column":11}},"loc":{"start":{"line":475,"column":13},"end":{"line":477,"column":3}}},"11":{"name":"(anonymous_18)","decl":{"start":{"line":480,"column":15},"end":{"line":480,"column":44}},"loc":{"start":{"line":480,"column":46},"end":{"line":495,"column":null}}},"12":{"name":"(anonymous_19)","decl":{"start":{"line":480,"column":46},"end":{"line":480,"column":null}},"loc":{"start":{"line":480,"column":46},"end":{"line":495,"column":3}}},"13":{"name":"(anonymous_20)","decl":{"start":{"line":481,"column":22},"end":{"line":481,"column":23}},"loc":{"start":{"line":481,"column":35},"end":{"line":481,"column":59}}},"14":{"name":"(anonymous_21)","decl":{"start":{"line":497,"column":18},"end":{"line":497,"column":25}},"loc":{"start":{"line":497,"column":78},"end":{"line":502,"column":null}}},"15":{"name":"(anonymous_22)","decl":{"start":{"line":497,"column":78},"end":{"line":497,"column":null}},"loc":{"start":{"line":497,"column":78},"end":{"line":502,"column":3}}},"16":{"name":"(anonymous_23)","decl":{"start":{"line":498,"column":22},"end":{"line":498,"column":23}},"loc":{"start":{"line":498,"column":35},"end":{"line":498,"column":59}}},"17":{"name":"(anonymous_24)","decl":{"start":{"line":501,"column":25},"end":{"line":501,"column":26}},"loc":{"start":{"line":501,"column":32},"end":{"line":501,"column":62}}},"18":{"name":"(anonymous_25)","decl":{"start":{"line":504,"column":17},"end":{"line":504,"column":24}},"loc":{"start":{"line":504,"column":62},"end":{"line":514,"column":null}}},"19":{"name":"(anonymous_26)","decl":{"start":{"line":504,"column":62},"end":{"line":504,"column":null}},"loc":{"start":{"line":504,"column":62},"end":{"line":514,"column":3}}},"20":{"name":"(anonymous_27)","decl":{"start":{"line":505,"column":22},"end":{"line":505,"column":23}},"loc":{"start":{"line":505,"column":35},"end":{"line":505,"column":59}}},"21":{"name":"(anonymous_28)","decl":{"start":{"line":508,"column":37},"end":{"line":508,"column":38}},"loc":{"start":{"line":508,"column":44},"end":{"line":508,"column":90}}},"22":{"name":"(anonymous_29)","decl":{"start":{"line":516,"column":17},"end":{"line":516,"column":24}},"loc":{"start":{"line":516,"column":74},"end":{"line":525,"column":null}}},"23":{"name":"(anonymous_30)","decl":{"start":{"line":516,"column":74},"end":{"line":516,"column":null}},"loc":{"start":{"line":516,"column":74},"end":{"line":525,"column":3}}},"24":{"name":"(anonymous_31)","decl":{"start":{"line":517,"column":22},"end":{"line":517,"column":23}},"loc":{"start":{"line":517,"column":35},"end":{"line":517,"column":59}}},"25":{"name":"(anonymous_32)","decl":{"start":{"line":520,"column":43},"end":{"line":520,"column":44}},"loc":{"start":{"line":520,"column":50},"end":{"line":520,"column":54}}},"26":{"name":"(anonymous_33)","decl":{"start":{"line":527,"column":17},"end":{"line":527,"column":24}},"loc":{"start":{"line":527,"column":70},"end":{"line":534,"column":null}}},"27":{"name":"(anonymous_34)","decl":{"start":{"line":527,"column":70},"end":{"line":527,"column":null}},"loc":{"start":{"line":527,"column":70},"end":{"line":534,"column":3}}},"28":{"name":"(anonymous_35)","decl":{"start":{"line":528,"column":22},"end":{"line":528,"column":23}},"loc":{"start":{"line":528,"column":35},"end":{"line":528,"column":59}}},"29":{"name":"(anonymous_36)","decl":{"start":{"line":531,"column":45},"end":{"line":531,"column":46}},"loc":{"start":{"line":531,"column":52},"end":{"line":531,"column":85}}},"30":{"name":"(anonymous_37)","decl":{"start":{"line":537,"column":12},"end":{"line":537,"column":38}},"loc":{"start":{"line":537,"column":40},"end":{"line":541,"column":null}}},"31":{"name":"(anonymous_38)","decl":{"start":{"line":537,"column":40},"end":{"line":537,"column":null}},"loc":{"start":{"line":537,"column":40},"end":{"line":541,"column":3}}},"32":{"name":"(anonymous_39)","decl":{"start":{"line":538,"column":22},"end":{"line":538,"column":23}},"loc":{"start":{"line":538,"column":35},"end":{"line":538,"column":59}}},"33":{"name":"(anonymous_40)","decl":{"start":{"line":543,"column":15},"end":{"line":543,"column":22}},"loc":{"start":{"line":543,"column":58},"end":{"line":548,"column":null}}},"34":{"name":"(anonymous_41)","decl":{"start":{"line":543,"column":58},"end":{"line":543,"column":null}},"loc":{"start":{"line":543,"column":58},"end":{"line":548,"column":3}}},"35":{"name":"(anonymous_42)","decl":{"start":{"line":544,"column":22},"end":{"line":544,"column":23}},"loc":{"start":{"line":544,"column":35},"end":{"line":544,"column":59}}},"36":{"name":"(anonymous_43)","decl":{"start":{"line":547,"column":22},"end":{"line":547,"column":23}},"loc":{"start":{"line":547,"column":29},"end":{"line":547,"column":40}}},"37":{"name":"(anonymous_44)","decl":{"start":{"line":550,"column":14},"end":{"line":550,"column":21}},"loc":{"start":{"line":550,"column":50},"end":{"line":560,"column":null}}},"38":{"name":"(anonymous_45)","decl":{"start":{"line":550,"column":50},"end":{"line":550,"column":null}},"loc":{"start":{"line":550,"column":50},"end":{"line":560,"column":3}}},"39":{"name":"(anonymous_46)","decl":{"start":{"line":551,"column":22},"end":{"line":551,"column":23}},"loc":{"start":{"line":551,"column":35},"end":{"line":551,"column":59}}},"40":{"name":"(anonymous_47)","decl":{"start":{"line":554,"column":34},"end":{"line":554,"column":35}},"loc":{"start":{"line":554,"column":41},"end":{"line":554,"column":57}}},"41":{"name":"(anonymous_48)","decl":{"start":{"line":562,"column":14},"end":{"line":562,"column":21}},"loc":{"start":{"line":562,"column":53},"end":{"line":569,"column":null}}},"42":{"name":"(anonymous_49)","decl":{"start":{"line":562,"column":53},"end":{"line":562,"column":null}},"loc":{"start":{"line":562,"column":53},"end":{"line":569,"column":3}}},"43":{"name":"(anonymous_50)","decl":{"start":{"line":563,"column":22},"end":{"line":563,"column":23}},"loc":{"start":{"line":563,"column":35},"end":{"line":563,"column":59}}},"44":{"name":"(anonymous_51)","decl":{"start":{"line":566,"column":39},"end":{"line":566,"column":40}},"loc":{"start":{"line":566,"column":46},"end":{"line":566,"column":57}}},"45":{"name":"(anonymous_52)","decl":{"start":{"line":572,"column":13},"end":{"line":572,"column":40}},"loc":{"start":{"line":572,"column":42},"end":{"line":576,"column":null}}},"46":{"name":"(anonymous_53)","decl":{"start":{"line":572,"column":42},"end":{"line":572,"column":null}},"loc":{"start":{"line":572,"column":42},"end":{"line":576,"column":3}}},"47":{"name":"(anonymous_54)","decl":{"start":{"line":573,"column":22},"end":{"line":573,"column":23}},"loc":{"start":{"line":573,"column":35},"end":{"line":573,"column":59}}},"48":{"name":"(anonymous_55)","decl":{"start":{"line":578,"column":16},"end":{"line":578,"column":23}},"loc":{"start":{"line":578,"column":60},"end":{"line":583,"column":null}}},"49":{"name":"(anonymous_56)","decl":{"start":{"line":578,"column":60},"end":{"line":578,"column":null}},"loc":{"start":{"line":578,"column":60},"end":{"line":583,"column":3}}},"50":{"name":"(anonymous_57)","decl":{"start":{"line":579,"column":22},"end":{"line":579,"column":23}},"loc":{"start":{"line":579,"column":35},"end":{"line":579,"column":59}}},"51":{"name":"(anonymous_58)","decl":{"start":{"line":582,"column":23},"end":{"line":582,"column":24}},"loc":{"start":{"line":582,"column":30},"end":{"line":582,"column":41}}},"52":{"name":"(anonymous_59)","decl":{"start":{"line":585,"column":21},"end":{"line":585,"column":28}},"loc":{"start":{"line":585,"column":64},"end":{"line":590,"column":null}}},"53":{"name":"(anonymous_60)","decl":{"start":{"line":585,"column":64},"end":{"line":585,"column":null}},"loc":{"start":{"line":585,"column":64},"end":{"line":590,"column":3}}},"54":{"name":"(anonymous_61)","decl":{"start":{"line":586,"column":22},"end":{"line":586,"column":23}},"loc":{"start":{"line":586,"column":35},"end":{"line":586,"column":59}}},"55":{"name":"(anonymous_62)","decl":{"start":{"line":589,"column":25},"end":{"line":589,"column":26}},"loc":{"start":{"line":589,"column":32},"end":{"line":589,"column":51}}},"56":{"name":"(anonymous_63)","decl":{"start":{"line":592,"column":15},"end":{"line":592,"column":22}},"loc":{"start":{"line":592,"column":66},"end":{"line":601,"column":null}}},"57":{"name":"(anonymous_64)","decl":{"start":{"line":592,"column":66},"end":{"line":592,"column":null}},"loc":{"start":{"line":592,"column":66},"end":{"line":601,"column":3}}},"58":{"name":"(anonymous_65)","decl":{"start":{"line":593,"column":22},"end":{"line":593,"column":23}},"loc":{"start":{"line":593,"column":35},"end":{"line":593,"column":59}}},"59":{"name":"(anonymous_66)","decl":{"start":{"line":603,"column":15},"end":{"line":603,"column":22}},"loc":{"start":{"line":603,"column":54},"end":{"line":613,"column":null}}},"60":{"name":"(anonymous_67)","decl":{"start":{"line":603,"column":54},"end":{"line":603,"column":null}},"loc":{"start":{"line":603,"column":54},"end":{"line":613,"column":3}}},"61":{"name":"(anonymous_68)","decl":{"start":{"line":604,"column":22},"end":{"line":604,"column":23}},"loc":{"start":{"line":604,"column":35},"end":{"line":604,"column":59}}},"62":{"name":"(anonymous_69)","decl":{"start":{"line":607,"column":35},"end":{"line":607,"column":36}},"loc":{"start":{"line":607,"column":42},"end":{"line":607,"column":59}}},"63":{"name":"(anonymous_70)","decl":{"start":{"line":615,"column":15},"end":{"line":615,"column":22}},"loc":{"start":{"line":615,"column":54},"end":{"line":622,"column":null}}},"64":{"name":"(anonymous_71)","decl":{"start":{"line":615,"column":54},"end":{"line":615,"column":null}},"loc":{"start":{"line":615,"column":54},"end":{"line":622,"column":3}}},"65":{"name":"(anonymous_72)","decl":{"start":{"line":616,"column":22},"end":{"line":616,"column":23}},"loc":{"start":{"line":616,"column":35},"end":{"line":616,"column":59}}},"66":{"name":"(anonymous_73)","decl":{"start":{"line":619,"column":41},"end":{"line":619,"column":42}},"loc":{"start":{"line":619,"column":48},"end":{"line":619,"column":59}}},"67":{"name":"(anonymous_74)","decl":{"start":{"line":625,"column":18},"end":{"line":625,"column":50}},"loc":{"start":{"line":625,"column":52},"end":{"line":629,"column":null}}},"68":{"name":"(anonymous_75)","decl":{"start":{"line":625,"column":52},"end":{"line":625,"column":null}},"loc":{"start":{"line":625,"column":52},"end":{"line":629,"column":3}}},"69":{"name":"(anonymous_76)","decl":{"start":{"line":626,"column":22},"end":{"line":626,"column":23}},"loc":{"start":{"line":626,"column":35},"end":{"line":626,"column":59}}},"70":{"name":"(anonymous_77)","decl":{"start":{"line":631,"column":13},"end":{"line":631,"column":20}},"loc":{"start":{"line":631,"column":83},"end":{"line":643,"column":null}}},"71":{"name":"(anonymous_78)","decl":{"start":{"line":631,"column":83},"end":{"line":631,"column":null}},"loc":{"start":{"line":631,"column":83},"end":{"line":643,"column":3}}},"72":{"name":"(anonymous_79)","decl":{"start":{"line":632,"column":22},"end":{"line":632,"column":23}},"loc":{"start":{"line":632,"column":35},"end":{"line":632,"column":59}}},"73":{"name":"(anonymous_80)","decl":{"start":{"line":645,"column":20},"end":{"line":645,"column":27}},"loc":{"start":{"line":645,"column":69},"end":{"line":655,"column":null}}},"74":{"name":"(anonymous_81)","decl":{"start":{"line":645,"column":69},"end":{"line":645,"column":null}},"loc":{"start":{"line":645,"column":69},"end":{"line":655,"column":3}}},"75":{"name":"(anonymous_82)","decl":{"start":{"line":646,"column":22},"end":{"line":646,"column":23}},"loc":{"start":{"line":646,"column":35},"end":{"line":646,"column":59}}},"76":{"name":"(anonymous_83)","decl":{"start":{"line":649,"column":40},"end":{"line":649,"column":41}},"loc":{"start":{"line":649,"column":47},"end":{"line":649,"column":64}}},"77":{"name":"(anonymous_84)","decl":{"start":{"line":657,"column":20},"end":{"line":657,"column":27}},"loc":{"start":{"line":657,"column":59},"end":{"line":664,"column":null}}},"78":{"name":"(anonymous_85)","decl":{"start":{"line":657,"column":59},"end":{"line":657,"column":null}},"loc":{"start":{"line":657,"column":59},"end":{"line":664,"column":3}}},"79":{"name":"(anonymous_86)","decl":{"start":{"line":658,"column":22},"end":{"line":658,"column":23}},"loc":{"start":{"line":658,"column":35},"end":{"line":658,"column":59}}},"80":{"name":"(anonymous_87)","decl":{"start":{"line":661,"column":46},"end":{"line":661,"column":47}},"loc":{"start":{"line":661,"column":53},"end":{"line":661,"column":64}}},"81":{"name":"(anonymous_88)","decl":{"start":{"line":667,"column":21},"end":{"line":667,"column":null}},"loc":{"start":{"line":675,"column":7},"end":{"line":752,"column":null}}},"82":{"name":"(anonymous_89)","decl":{"start":{"line":675,"column":7},"end":{"line":675,"column":null}},"loc":{"start":{"line":675,"column":7},"end":{"line":752,"column":3}}},"83":{"name":"(anonymous_90)","decl":{"start":{"line":676,"column":22},"end":{"line":676,"column":23}},"loc":{"start":{"line":676,"column":35},"end":{"line":676,"column":59}}},"84":{"name":"(anonymous_91)","decl":{"start":{"line":692,"column":37},"end":{"line":692,"column":38}},"loc":{"start":{"line":692,"column":53},"end":{"line":692,"column":70}}},"85":{"name":"(anonymous_92)","decl":{"start":{"line":708,"column":19},"end":{"line":708,"column":24}},"loc":{"start":{"line":708,"column":27},"end":{"line":712,"column":5}}},"86":{"name":"(anonymous_93)","decl":{"start":{"line":714,"column":51},"end":{"line":714,"column":54}},"loc":{"start":{"line":714,"column":57},"end":{"line":720,"column":5}}},"87":{"name":"(anonymous_94)","decl":{"start":{"line":724,"column":32},"end":{"line":724,"column":33}},"loc":{"start":{"line":724,"column":39},"end":{"line":724,"column":64}}},"88":{"name":"(anonymous_95)","decl":{"start":{"line":725,"column":29},"end":{"line":725,"column":30}},"loc":{"start":{"line":725,"column":36},"end":{"line":725,"column":58}}},"89":{"name":"(anonymous_96)","decl":{"start":{"line":726,"column":31},"end":{"line":726,"column":32}},"loc":{"start":{"line":726,"column":38},"end":{"line":726,"column":62}}},"90":{"name":"(anonymous_97)","decl":{"start":{"line":727,"column":31},"end":{"line":727,"column":32}},"loc":{"start":{"line":727,"column":38},"end":{"line":727,"column":62}}},"91":{"name":"(anonymous_98)","decl":{"start":{"line":732,"column":19},"end":{"line":732,"column":24}},"loc":{"start":{"line":732,"column":27},"end":{"line":737,"column":5}}},"92":{"name":"(anonymous_99)","decl":{"start":{"line":733,"column":26},"end":{"line":733,"column":30}},"loc":{"start":{"line":733,"column":33},"end":{"line":736,"column":7}}},"93":{"name":"(anonymous_100)","decl":{"start":{"line":739,"column":11},"end":{"line":739,"column":12}},"loc":{"start":{"line":739,"column":31},"end":{"line":739,"column":46}}},"94":{"name":"(anonymous_101)","decl":{"start":{"line":740,"column":12},"end":{"line":740,"column":13}},"loc":{"start":{"line":740,"column":22},"end":{"line":740,"column":39}}}},"branchMap":{"0":{"loc":{"start":{"line":145,"column":18},"end":{"line":145,"column":102}},"type":"cond-expr","locations":[{"start":{"line":145,"column":41},"end":{"line":145,"column":54}},{"start":{"line":145,"column":57},"end":{"line":145,"column":102}}]},"1":{"loc":{"start":{"line":145,"column":57},"end":{"line":145,"column":102}},"type":"cond-expr","locations":[{"start":{"line":145,"column":79},"end":{"line":145,"column":89}},{"start":{"line":145,"column":92},"end":{"line":145,"column":102}}]},"2":{"loc":{"start":{"line":195,"column":25},"end":{"line":195,"column":55}},"type":"binary-expr","locations":[{"start":{"line":195,"column":25},"end":{"line":195,"column":46}},{"start":{"line":195,"column":50},"end":{"line":195,"column":55}}]},"3":{"loc":{"start":{"line":449,"column":2},"end":{"line":449,"column":43}},"type":"if","locations":[{"start":{"line":449,"column":2},"end":{"line":449,"column":43}}]},"4":{"loc":{"start":{"line":456,"column":2},"end":{"line":458,"column":3}},"type":"if","locations":[{"start":{"line":456,"column":2},"end":{"line":458,"column":3}}]},"5":{"loc":{"start":{"line":460,"column":2},"end":{"line":462,"column":3}},"type":"if","locations":[{"start":{"line":460,"column":2},"end":{"line":462,"column":3}}]},"6":{"loc":{"start":{"line":464,"column":2},"end":{"line":466,"column":3}},"type":"if","locations":[{"start":{"line":464,"column":2},"end":{"line":466,"column":3}}]},"7":{"loc":{"start":{"line":482,"column":4},"end":{"line":482,"column":null}},"type":"if","locations":[{"start":{"line":482,"column":4},"end":{"line":482,"column":null}}]},"8":{"loc":{"start":{"line":485,"column":30},"end":{"line":485,"column":70}},"type":"binary-expr","locations":[{"start":{"line":485,"column":30},"end":{"line":485,"column":62}},{"start":{"line":485,"column":66},"end":{"line":485,"column":70}}]},"9":{"loc":{"start":{"line":488,"column":4},"end":{"line":492,"column":5}},"type":"if","locations":[{"start":{"line":488,"column":4},"end":{"line":492,"column":5}}]},"10":{"loc":{"start":{"line":488,"column":8},"end":{"line":488,"column":42}},"type":"binary-expr","locations":[{"start":{"line":488,"column":8},"end":{"line":488,"column":17}},{"start":{"line":488,"column":21},"end":{"line":488,"column":42}}]},"11":{"loc":{"start":{"line":499,"column":4},"end":{"line":499,"column":null}},"type":"if","locations":[{"start":{"line":499,"column":4},"end":{"line":499,"column":null}}]},"12":{"loc":{"start":{"line":500,"column":43},"end":{"line":500,"column":83}},"type":"binary-expr","locations":[{"start":{"line":500,"column":43},"end":{"line":500,"column":75}},{"start":{"line":500,"column":79},"end":{"line":500,"column":83}}]},"13":{"loc":{"start":{"line":501,"column":11},"end":{"line":501,"column":71}},"type":"binary-expr","locations":[{"start":{"line":501,"column":11},"end":{"line":501,"column":63}},{"start":{"line":501,"column":67},"end":{"line":501,"column":71}}]},"14":{"loc":{"start":{"line":501,"column":32},"end":{"line":501,"column":62}},"type":"binary-expr","locations":[{"start":{"line":501,"column":32},"end":{"line":501,"column":47}},{"start":{"line":501,"column":51},"end":{"line":501,"column":62}}]},"15":{"loc":{"start":{"line":506,"column":4},"end":{"line":506,"column":null}},"type":"if","locations":[{"start":{"line":506,"column":4},"end":{"line":506,"column":null}}]},"16":{"loc":{"start":{"line":507,"column":43},"end":{"line":507,"column":83}},"type":"binary-expr","locations":[{"start":{"line":507,"column":43},"end":{"line":507,"column":75}},{"start":{"line":507,"column":79},"end":{"line":507,"column":83}}]},"17":{"loc":{"start":{"line":508,"column":44},"end":{"line":508,"column":90}},"type":"binary-expr","locations":[{"start":{"line":508,"column":44},"end":{"line":508,"column":67}},{"start":{"line":508,"column":71},"end":{"line":508,"column":90}}]},"18":{"loc":{"start":{"line":509,"column":4},"end":{"line":512,"column":5}},"type":"if","locations":[{"start":{"line":509,"column":4},"end":{"line":512,"column":5}}]},"19":{"loc":{"start":{"line":518,"column":4},"end":{"line":518,"column":null}},"type":"if","locations":[{"start":{"line":518,"column":4},"end":{"line":518,"column":null}}]},"20":{"loc":{"start":{"line":519,"column":43},"end":{"line":519,"column":83}},"type":"binary-expr","locations":[{"start":{"line":519,"column":43},"end":{"line":519,"column":75}},{"start":{"line":519,"column":79},"end":{"line":519,"column":83}}]},"21":{"loc":{"start":{"line":529,"column":4},"end":{"line":529,"column":null}},"type":"if","locations":[{"start":{"line":529,"column":4},"end":{"line":529,"column":null}}]},"22":{"loc":{"start":{"line":530,"column":43},"end":{"line":530,"column":83}},"type":"binary-expr","locations":[{"start":{"line":530,"column":43},"end":{"line":530,"column":75}},{"start":{"line":530,"column":79},"end":{"line":530,"column":83}}]},"23":{"loc":{"start":{"line":531,"column":54},"end":{"line":531,"column":84}},"type":"binary-expr","locations":[{"start":{"line":531,"column":54},"end":{"line":531,"column":69}},{"start":{"line":531,"column":73},"end":{"line":531,"column":84}}]},"24":{"loc":{"start":{"line":539,"column":4},"end":{"line":539,"column":null}},"type":"if","locations":[{"start":{"line":539,"column":4},"end":{"line":539,"column":null}}]},"25":{"loc":{"start":{"line":540,"column":22},"end":{"line":540,"column":59}},"type":"binary-expr","locations":[{"start":{"line":540,"column":22},"end":{"line":540,"column":51}},{"start":{"line":540,"column":55},"end":{"line":540,"column":59}}]},"26":{"loc":{"start":{"line":545,"column":4},"end":{"line":545,"column":null}},"type":"if","locations":[{"start":{"line":545,"column":4},"end":{"line":545,"column":null}}]},"27":{"loc":{"start":{"line":546,"column":37},"end":{"line":546,"column":74}},"type":"binary-expr","locations":[{"start":{"line":546,"column":37},"end":{"line":546,"column":66}},{"start":{"line":546,"column":70},"end":{"line":546,"column":74}}]},"28":{"loc":{"start":{"line":547,"column":11},"end":{"line":547,"column":49}},"type":"binary-expr","locations":[{"start":{"line":547,"column":11},"end":{"line":547,"column":41}},{"start":{"line":547,"column":45},"end":{"line":547,"column":49}}]},"29":{"loc":{"start":{"line":552,"column":4},"end":{"line":552,"column":null}},"type":"if","locations":[{"start":{"line":552,"column":4},"end":{"line":552,"column":null}}]},"30":{"loc":{"start":{"line":553,"column":37},"end":{"line":553,"column":74}},"type":"binary-expr","locations":[{"start":{"line":553,"column":37},"end":{"line":553,"column":66}},{"start":{"line":553,"column":70},"end":{"line":553,"column":74}}]},"31":{"loc":{"start":{"line":555,"column":4},"end":{"line":558,"column":5}},"type":"if","locations":[{"start":{"line":555,"column":4},"end":{"line":558,"column":5}}]},"32":{"loc":{"start":{"line":564,"column":4},"end":{"line":564,"column":null}},"type":"if","locations":[{"start":{"line":564,"column":4},"end":{"line":564,"column":null}}]},"33":{"loc":{"start":{"line":565,"column":37},"end":{"line":565,"column":74}},"type":"binary-expr","locations":[{"start":{"line":565,"column":37},"end":{"line":565,"column":66}},{"start":{"line":565,"column":70},"end":{"line":565,"column":74}}]},"34":{"loc":{"start":{"line":574,"column":4},"end":{"line":574,"column":null}},"type":"if","locations":[{"start":{"line":574,"column":4},"end":{"line":574,"column":null}}]},"35":{"loc":{"start":{"line":575,"column":22},"end":{"line":575,"column":60}},"type":"binary-expr","locations":[{"start":{"line":575,"column":22},"end":{"line":575,"column":52}},{"start":{"line":575,"column":56},"end":{"line":575,"column":60}}]},"36":{"loc":{"start":{"line":580,"column":4},"end":{"line":580,"column":null}},"type":"if","locations":[{"start":{"line":580,"column":4},"end":{"line":580,"column":null}}]},"37":{"loc":{"start":{"line":581,"column":39},"end":{"line":581,"column":77}},"type":"binary-expr","locations":[{"start":{"line":581,"column":39},"end":{"line":581,"column":69}},{"start":{"line":581,"column":73},"end":{"line":581,"column":77}}]},"38":{"loc":{"start":{"line":582,"column":11},"end":{"line":582,"column":50}},"type":"binary-expr","locations":[{"start":{"line":582,"column":11},"end":{"line":582,"column":42}},{"start":{"line":582,"column":46},"end":{"line":582,"column":50}}]},"39":{"loc":{"start":{"line":587,"column":4},"end":{"line":587,"column":null}},"type":"if","locations":[{"start":{"line":587,"column":4},"end":{"line":587,"column":null}}]},"40":{"loc":{"start":{"line":588,"column":39},"end":{"line":588,"column":77}},"type":"binary-expr","locations":[{"start":{"line":588,"column":39},"end":{"line":588,"column":69}},{"start":{"line":588,"column":73},"end":{"line":588,"column":77}}]},"41":{"loc":{"start":{"line":594,"column":4},"end":{"line":594,"column":null}},"type":"if","locations":[{"start":{"line":594,"column":4},"end":{"line":594,"column":null}}]},"42":{"loc":{"start":{"line":595,"column":39},"end":{"line":595,"column":77}},"type":"binary-expr","locations":[{"start":{"line":595,"column":39},"end":{"line":595,"column":69}},{"start":{"line":595,"column":73},"end":{"line":595,"column":77}}]},"43":{"loc":{"start":{"line":605,"column":4},"end":{"line":605,"column":null}},"type":"if","locations":[{"start":{"line":605,"column":4},"end":{"line":605,"column":null}}]},"44":{"loc":{"start":{"line":606,"column":39},"end":{"line":606,"column":77}},"type":"binary-expr","locations":[{"start":{"line":606,"column":39},"end":{"line":606,"column":69}},{"start":{"line":606,"column":73},"end":{"line":606,"column":77}}]},"45":{"loc":{"start":{"line":608,"column":4},"end":{"line":611,"column":5}},"type":"if","locations":[{"start":{"line":608,"column":4},"end":{"line":611,"column":5}}]},"46":{"loc":{"start":{"line":617,"column":4},"end":{"line":617,"column":null}},"type":"if","locations":[{"start":{"line":617,"column":4},"end":{"line":617,"column":null}}]},"47":{"loc":{"start":{"line":618,"column":39},"end":{"line":618,"column":77}},"type":"binary-expr","locations":[{"start":{"line":618,"column":39},"end":{"line":618,"column":69}},{"start":{"line":618,"column":73},"end":{"line":618,"column":77}}]},"48":{"loc":{"start":{"line":627,"column":4},"end":{"line":627,"column":null}},"type":"if","locations":[{"start":{"line":627,"column":4},"end":{"line":627,"column":null}}]},"49":{"loc":{"start":{"line":628,"column":22},"end":{"line":628,"column":65}},"type":"binary-expr","locations":[{"start":{"line":628,"column":22},"end":{"line":628,"column":57}},{"start":{"line":628,"column":61},"end":{"line":628,"column":65}}]},"50":{"loc":{"start":{"line":633,"column":4},"end":{"line":633,"column":99}},"type":"if","locations":[{"start":{"line":633,"column":4},"end":{"line":633,"column":99}}]},"51":{"loc":{"start":{"line":634,"column":49},"end":{"line":634,"column":92}},"type":"binary-expr","locations":[{"start":{"line":634,"column":49},"end":{"line":634,"column":84}},{"start":{"line":634,"column":88},"end":{"line":634,"column":92}}]},"52":{"loc":{"start":{"line":647,"column":4},"end":{"line":647,"column":null}},"type":"if","locations":[{"start":{"line":647,"column":4},"end":{"line":647,"column":null}}]},"53":{"loc":{"start":{"line":648,"column":49},"end":{"line":648,"column":92}},"type":"binary-expr","locations":[{"start":{"line":648,"column":49},"end":{"line":648,"column":84}},{"start":{"line":648,"column":88},"end":{"line":648,"column":92}}]},"54":{"loc":{"start":{"line":650,"column":4},"end":{"line":653,"column":5}},"type":"if","locations":[{"start":{"line":650,"column":4},"end":{"line":653,"column":5}}]},"55":{"loc":{"start":{"line":659,"column":4},"end":{"line":659,"column":null}},"type":"if","locations":[{"start":{"line":659,"column":4},"end":{"line":659,"column":null}}]},"56":{"loc":{"start":{"line":660,"column":49},"end":{"line":660,"column":92}},"type":"binary-expr","locations":[{"start":{"line":660,"column":49},"end":{"line":660,"column":84}},{"start":{"line":660,"column":88},"end":{"line":660,"column":92}}]},"57":{"loc":{"start":{"line":677,"column":4},"end":{"line":686,"column":null}},"type":"if","locations":[{"start":{"line":677,"column":4},"end":{"line":686,"column":null}}]},"58":{"loc":{"start":{"line":688,"column":39},"end":{"line":688,"column":77}},"type":"binary-expr","locations":[{"start":{"line":688,"column":39},"end":{"line":688,"column":69}},{"start":{"line":688,"column":73},"end":{"line":688,"column":77}}]},"59":{"loc":{"start":{"line":689,"column":37},"end":{"line":689,"column":74}},"type":"binary-expr","locations":[{"start":{"line":689,"column":37},"end":{"line":689,"column":66}},{"start":{"line":689,"column":70},"end":{"line":689,"column":74}}]},"60":{"loc":{"start":{"line":695,"column":30},"end":{"line":695,"column":76}},"type":"cond-expr","locations":[{"start":{"line":695,"column":48},"end":{"line":695,"column":72}},{"start":{"line":695,"column":75},"end":{"line":695,"column":76}}]},"61":{"loc":{"start":{"line":711,"column":6},"end":{"line":711,"column":null}},"type":"if","locations":[{"start":{"line":711,"column":6},"end":{"line":711,"column":null}}]},"62":{"loc":{"start":{"line":735,"column":33},"end":{"line":735,"column":59}},"type":"binary-expr","locations":[{"start":{"line":735,"column":33},"end":{"line":735,"column":54}},{"start":{"line":735,"column":58},"end":{"line":735,"column":59}}]}},"s":{"0":1,"1":1,"2":30,"3":180,"4":180,"5":180,"6":240,"7":210,"8":180,"9":210,"10":240,"11":30,"12":30,"13":30,"14":1,"15":29,"16":0,"17":29,"18":29,"19":29,"20":29,"21":29,"22":29,"23":29,"24":29,"25":29,"26":1,"27":29,"28":7,"29":7,"30":7,"31":7,"32":0,"33":7,"34":7,"35":1,"36":1,"37":1,"38":7,"39":3,"40":3,"41":3,"42":3,"43":0,"44":3,"45":3,"46":56,"47":1,"48":1,"49":1,"50":1,"51":0,"52":1,"53":1,"54":1,"55":1,"56":1,"57":1,"58":1,"59":1,"60":1,"61":1,"62":1,"63":0,"64":1,"65":1,"66":54,"67":1,"68":1,"69":1,"70":1,"71":1,"72":1,"73":1,"74":1,"75":0,"76":1,"77":1,"78":54,"79":1,"80":1,"81":6,"82":6,"83":6,"84":6,"85":0,"86":6,"87":3,"88":3,"89":3,"90":3,"91":0,"92":3,"93":3,"94":7,"95":1,"96":1,"97":1,"98":1,"99":0,"100":1,"101":1,"102":1,"103":1,"104":1,"105":1,"106":1,"107":1,"108":1,"109":1,"110":1,"111":0,"112":1,"113":1,"114":5,"115":1,"116":1,"117":8,"118":8,"119":8,"120":8,"121":0,"122":8,"123":2,"124":2,"125":2,"126":2,"127":0,"128":2,"129":2,"130":2,"131":1,"132":1,"133":1,"134":1,"135":0,"136":1,"137":1,"138":5,"139":3,"140":3,"141":3,"142":3,"143":0,"144":3,"145":3,"146":3,"147":3,"148":3,"149":3,"150":1,"151":1,"152":1,"153":1,"154":0,"155":1,"156":1,"157":1,"158":1,"159":1,"160":1,"161":1,"162":1,"163":1,"164":1,"165":1,"166":0,"167":1,"168":1,"169":5,"170":1,"171":1,"172":5,"173":5,"174":5,"175":5,"176":0,"177":5,"178":3,"179":3,"180":3,"181":3,"182":0,"183":3,"184":3,"185":3,"186":3,"187":3,"188":1,"189":1,"190":1,"191":1,"192":0,"193":1,"194":1,"195":1,"196":1,"197":1,"198":1,"199":1,"200":1,"201":1,"202":1,"203":1,"204":0,"205":1,"206":1,"207":1,"208":1,"209":1,"210":1,"211":1,"212":1,"213":1,"214":0,"215":1,"216":1,"217":1,"218":7,"219":1,"220":1,"221":1,"222":1,"223":1,"224":1,"225":1,"226":1,"227":12,"228":12,"229":12,"230":1,"231":7,"232":7,"233":7,"234":7,"235":1,"236":12,"237":12,"238":1,"239":7,"240":7,"241":7,"242":7,"243":1,"244":1,"245":7,"246":11,"247":11,"248":1,"249":10,"250":20,"251":1},"f":{"0":30,"1":180,"2":180,"3":180,"4":240,"5":210,"6":180,"7":210,"8":240,"9":29,"10":29,"11":7,"12":7,"13":7,"14":3,"15":3,"16":3,"17":56,"18":1,"19":1,"20":1,"21":1,"22":1,"23":1,"24":1,"25":54,"26":1,"27":1,"28":1,"29":54,"30":6,"31":6,"32":6,"33":3,"34":3,"35":3,"36":7,"37":1,"38":1,"39":1,"40":1,"41":1,"42":1,"43":1,"44":5,"45":8,"46":8,"47":8,"48":2,"49":2,"50":2,"51":2,"52":1,"53":1,"54":1,"55":5,"56":3,"57":3,"58":3,"59":1,"60":1,"61":1,"62":1,"63":1,"64":1,"65":1,"66":5,"67":5,"68":5,"69":5,"70":3,"71":3,"72":3,"73":1,"74":1,"75":1,"76":1,"77":1,"78":1,"79":1,"80":1,"81":1,"82":1,"83":1,"84":7,"85":7,"86":12,"87":7,"88":7,"89":7,"90":7,"91":7,"92":11,"93":10,"94":20},"b":{"0":[90,120],"1":[60,60],"2":[240,0],"3":[0],"4":[29],"5":[29],"6":[29],"7":[0],"8":[7,1],"9":[1],"10":[7,7],"11":[0],"12":[3,0],"13":[3,1],"14":[56,8],"15":[0],"16":[1,0],"17":[1,1],"18":[1],"19":[0],"20":[1,0],"21":[0],"22":[1,0],"23":[54,6],"24":[0],"25":[6,0],"26":[0],"27":[3,0],"28":[3,1],"29":[0],"30":[1,0],"31":[1],"32":[0],"33":[1,0],"34":[0],"35":[8,0],"36":[0],"37":[2,0],"38":[2,0],"39":[0],"40":[1,0],"41":[0],"42":[3,0],"43":[0],"44":[1,0],"45":[1],"46":[0],"47":[1,0],"48":[0],"49":[5,0],"50":[0],"51":[3,0],"52":[0],"53":[1,0],"54":[1],"55":[0],"56":[1,0],"57":[0],"58":[1,0],"59":[1,0],"60":[1,0],"61":[7],"62":[11,10]}}
,"C:\\Users\\David\\Documents\\APKMobile\\nextjs\\nextjs-pc\\tiendita-pc\\lib\\calculations.ts": {"path":"C:\\Users\\David\\Documents\\APKMobile\\nextjs\\nextjs-pc\\tiendita-pc\\lib\\calculations.ts","statementMap":{"0":{"start":{"line":3,"column":0},"end":{"line":3,"column":16}},"1":{"start":{"line":53,"column":0},"end":{"line":53,"column":16}},"2":{"start":{"line":4,"column":14},"end":{"line":4,"column":15}},"3":{"start":{"line":7,"column":2},"end":{"line":9,"column":3}},"4":{"start":{"line":8,"column":4},"end":{"line":8,"column":null}},"5":{"start":{"line":12,"column":2},"end":{"line":14,"column":3}},"6":{"start":{"line":13,"column":4},"end":{"line":13,"column":null}},"7":{"start":{"line":17,"column":2},"end":{"line":19,"column":3}},"8":{"start":{"line":18,"column":4},"end":{"line":18,"column":null}},"9":{"start":{"line":22,"column":2},"end":{"line":24,"column":3}},"10":{"start":{"line":23,"column":4},"end":{"line":23,"column":null}},"11":{"start":{"line":27,"column":2},"end":{"line":33,"column":3}},"12":{"start":{"line":28,"column":4},"end":{"line":32,"column":5}},"13":{"start":{"line":29,"column":6},"end":{"line":29,"column":null}},"14":{"start":{"line":29,"column":51},"end":{"line":29,"column":68}},"15":{"start":{"line":31,"column":6},"end":{"line":31,"column":null}},"16":{"start":{"line":36,"column":2},"end":{"line":38,"column":3}},"17":{"start":{"line":37,"column":4},"end":{"line":37,"column":null}},"18":{"start":{"line":41,"column":2},"end":{"line":43,"column":3}},"19":{"start":{"line":42,"column":4},"end":{"line":42,"column":null}},"20":{"start":{"line":46,"column":2},"end":{"line":48,"column":3}},"21":{"start":{"line":47,"column":4},"end":{"line":47,"column":null}},"22":{"start":{"line":47,"column":53},"end":{"line":47,"column":70}},"23":{"start":{"line":50,"column":2},"end":{"line":50,"column":null}},"24":{"start":{"line":54,"column":19},"end":{"line":54,"column":20}},"25":{"start":{"line":57,"column":20},"end":{"line":57,"column":22}},"26":{"start":{"line":58,"column":2},"end":{"line":58,"column":null}},"27":{"start":{"line":61,"column":2},"end":{"line":65,"column":3}},"28":{"start":{"line":63,"column":21},"end":{"line":63,"column":57}},"29":{"start":{"line":64,"column":4},"end":{"line":64,"column":null}},"30":{"start":{"line":68,"column":2},"end":{"line":70,"column":3}},"31":{"start":{"line":69,"column":4},"end":{"line":69,"column":null}},"32":{"start":{"line":73,"column":2},"end":{"line":76,"column":3}},"33":{"start":{"line":74,"column":21},"end":{"line":74,"column":50}},"34":{"start":{"line":75,"column":4},"end":{"line":75,"column":null}},"35":{"start":{"line":79,"column":2},"end":{"line":96,"column":3}},"36":{"start":{"line":80,"column":4},"end":{"line":95,"column":5}},"37":{"start":{"line":82,"column":27},"end":{"line":87,"column":11}},"38":{"start":{"line":83,"column":8},"end":{"line":83,"column":null}},"39":{"start":{"line":83,"column":33},"end":{"line":83,"column":null}},"40":{"start":{"line":84,"column":8},"end":{"line":84,"column":null}},"41":{"start":{"line":84,"column":33},"end":{"line":84,"column":null}},"42":{"start":{"line":85,"column":8},"end":{"line":85,"column":null}},"43":{"start":{"line":85,"column":34},"end":{"line":85,"column":null}},"44":{"start":{"line":86,"column":8},"end":{"line":86,"column":23}},"45":{"start":{"line":88,"column":6},"end":{"line":88,"column":null}},"46":{"start":{"line":91,"column":6},"end":{"line":94,"column":27}},"47":{"start":{"line":91,"column":40},"end":{"line":91,"column":null}},"48":{"start":{"line":92,"column":11},"end":{"line":94,"column":27}},"49":{"start":{"line":92,"column":45},"end":{"line":92,"column":null}},"50":{"start":{"line":93,"column":11},"end":{"line":94,"column":27}},"51":{"start":{"line":93,"column":46},"end":{"line":93,"column":null}},"52":{"start":{"line":94,"column":11},"end":{"line":94,"column":27}},"53":{"start":{"line":98,"column":2},"end":{"line":98,"column":null}}},"fnMap":{"0":{"name":"calculateTotalPrice","decl":{"start":{"line":3,"column":16},"end":{"line":3,"column":35}},"loc":{"start":{"line":3,"column":50},"end":{"line":51,"column":1}}},"1":{"name":"(anonymous_1)","decl":{"start":{"line":29,"column":36},"end":{"line":29,"column":37}},"loc":{"start":{"line":29,"column":51},"end":{"line":29,"column":68}}},"2":{"name":"(anonymous_2)","decl":{"start":{"line":47,"column":38},"end":{"line":47,"column":39}},"loc":{"start":{"line":47,"column":53},"end":{"line":47,"column":70}}},"3":{"name":"calculateTotalWattage","decl":{"start":{"line":53,"column":16},"end":{"line":53,"column":37}},"loc":{"start":{"line":53,"column":52},"end":{"line":99,"column":1}}},"4":{"name":"(anonymous_4)","decl":{"start":{"line":82,"column":48},"end":{"line":82,"column":49}},"loc":{"start":{"line":82,"column":62},"end":{"line":87,"column":7}}}},"branchMap":{"0":{"loc":{"start":{"line":7,"column":2},"end":{"line":9,"column":3}},"type":"if","locations":[{"start":{"line":7,"column":2},"end":{"line":9,"column":3}}]},"1":{"loc":{"start":{"line":12,"column":2},"end":{"line":14,"column":3}},"type":"if","locations":[{"start":{"line":12,"column":2},"end":{"line":14,"column":3}}]},"2":{"loc":{"start":{"line":17,"column":2},"end":{"line":19,"column":3}},"type":"if","locations":[{"start":{"line":17,"column":2},"end":{"line":19,"column":3}}]},"3":{"loc":{"start":{"line":18,"column":33},"end":{"line":18,"column":56}},"type":"binary-expr","locations":[{"start":{"line":18,"column":33},"end":{"line":18,"column":51}},{"start":{"line":18,"column":55},"end":{"line":18,"column":56}}]},"4":{"loc":{"start":{"line":22,"column":2},"end":{"line":24,"column":3}},"type":"if","locations":[{"start":{"line":22,"column":2},"end":{"line":24,"column":3}}]},"5":{"loc":{"start":{"line":27,"column":2},"end":{"line":33,"column":3}},"type":"if","locations":[{"start":{"line":27,"column":2},"end":{"line":33,"column":3}}]},"6":{"loc":{"start":{"line":28,"column":4},"end":{"line":32,"column":5}},"type":"if","locations":[{"start":{"line":28,"column":4},"end":{"line":32,"column":5}},{"start":{"line":30,"column":11},"end":{"line":32,"column":5}}]},"7":{"loc":{"start":{"line":36,"column":2},"end":{"line":38,"column":3}},"type":"if","locations":[{"start":{"line":36,"column":2},"end":{"line":38,"column":3}}]},"8":{"loc":{"start":{"line":41,"column":2},"end":{"line":43,"column":3}},"type":"if","locations":[{"start":{"line":41,"column":2},"end":{"line":43,"column":3}}]},"9":{"loc":{"start":{"line":46,"column":2},"end":{"line":48,"column":3}},"type":"if","locations":[{"start":{"line":46,"column":2},"end":{"line":48,"column":3}}]},"10":{"loc":{"start":{"line":46,"column":6},"end":{"line":46,"column":55}},"type":"binary-expr","locations":[{"start":{"line":46,"column":6},"end":{"line":46,"column":23}},{"start":{"line":46,"column":27},"end":{"line":46,"column":55}}]},"11":{"loc":{"start":{"line":61,"column":2},"end":{"line":65,"column":3}},"type":"if","locations":[{"start":{"line":61,"column":2},"end":{"line":65,"column":3}}]},"12":{"loc":{"start":{"line":63,"column":21},"end":{"line":63,"column":57}},"type":"cond-expr","locations":[{"start":{"line":63,"column":50},"end":{"line":63,"column":52}},{"start":{"line":63,"column":55},"end":{"line":63,"column":57}}]},"13":{"loc":{"start":{"line":68,"column":2},"end":{"line":70,"column":3}},"type":"if","locations":[{"start":{"line":68,"column":2},"end":{"line":70,"column":3}}]},"14":{"loc":{"start":{"line":69,"column":18},"end":{"line":69,"column":38}},"type":"binary-expr","locations":[{"start":{"line":69,"column":18},"end":{"line":69,"column":33}},{"start":{"line":69,"column":37},"end":{"line":69,"column":38}}]},"15":{"loc":{"start":{"line":73,"column":2},"end":{"line":76,"column":3}},"type":"if","locations":[{"start":{"line":73,"column":2},"end":{"line":76,"column":3}}]},"16":{"loc":{"start":{"line":74,"column":26},"end":{"line":74,"column":49}},"type":"binary-expr","locations":[{"start":{"line":74,"column":26},"end":{"line":74,"column":44}},{"start":{"line":74,"column":48},"end":{"line":74,"column":49}}]},"17":{"loc":{"start":{"line":79,"column":2},"end":{"line":96,"column":3}},"type":"if","locations":[{"start":{"line":79,"column":2},"end":{"line":96,"column":3}}]},"18":{"loc":{"start":{"line":80,"column":4},"end":{"line":95,"column":5}},"type":"if","locations":[{"start":{"line":80,"column":4},"end":{"line":95,"column":5}},{"start":{"line":89,"column":11},"end":{"line":95,"column":5}}]},"19":{"loc":{"start":{"line":83,"column":8},"end":{"line":83,"column":null}},"type":"if","locations":[{"start":{"line":83,"column":8},"end":{"line":83,"column":null}}]},"20":{"loc":{"start":{"line":84,"column":8},"end":{"line":84,"column":null}},"type":"if","locations":[{"start":{"line":84,"column":8},"end":{"line":84,"column":null}}]},"21":{"loc":{"start":{"line":85,"column":8},"end":{"line":85,"column":null}},"type":"if","locations":[{"start":{"line":85,"column":8},"end":{"line":85,"column":null}}]},"22":{"loc":{"start":{"line":91,"column":6},"end":{"line":94,"column":27}},"type":"if","locations":[{"start":{"line":91,"column":6},"end":{"line":94,"column":27}},{"start":{"line":92,"column":11},"end":{"line":94,"column":27}}]},"23":{"loc":{"start":{"line":92,"column":11},"end":{"line":94,"column":27}},"type":"if","locations":[{"start":{"line":92,"column":11},"end":{"line":94,"column":27}},{"start":{"line":93,"column":11},"end":{"line":94,"column":27}}]},"24":{"loc":{"start":{"line":93,"column":11},"end":{"line":94,"column":27}},"type":"if","locations":[{"start":{"line":93,"column":11},"end":{"line":94,"column":27}},{"start":{"line":94,"column":11},"end":{"line":94,"column":27}}]}},"s":{"0":1,"1":1,"2":4,"3":4,"4":2,"5":4,"6":1,"7":4,"8":2,"9":4,"10":1,"11":4,"12":2,"13":1,"14":2,"15":1,"16":4,"17":1,"18":4,"19":1,"20":4,"21":1,"22":2,"23":4,"24":6,"25":6,"26":6,"27":6,"28":3,"29":3,"30":6,"31":3,"32":6,"33":2,"34":2,"35":6,"36":4,"37":2,"38":5,"39":1,"40":4,"41":2,"42":2,"43":1,"44":1,"45":2,"46":2,"47":0,"48":2,"49":1,"50":1,"51":0,"52":1,"53":6},"f":{"0":4,"1":2,"2":2,"3":6,"4":5},"b":{"0":[2],"1":[1],"2":[2],"3":[2,1],"4":[1],"5":[2],"6":[1,1],"7":[1],"8":[1],"9":[1],"10":[4,1],"11":[3],"12":[2,1],"13":[3],"14":[3,1],"15":[2],"16":[2,0],"17":[4],"18":[2,2],"19":[1],"20":[2],"21":[1],"22":[0,2],"23":[1,1],"24":[0,1]}}
,"C:\\Users\\David\\Documents\\APKMobile\\nextjs\\nextjs-pc\\tiendita-pc\\lib\\mock-data.ts": {"path":"C:\\Users\\David\\Documents\\APKMobile\\nextjs\\nextjs-pc\\tiendita-pc\\lib\\mock-data.ts","statementMap":{"0":{"start":{"line":1,"column":13},"end":{"line":458,"column":null}}},"fnMap":{},"branchMap":{},"s":{"0":1},"f":{},"b":{}}
,"C:\\Users\\David\\Documents\\APKMobile\\nextjs\\nextjs-pc\\tiendita-pc\\lib\\utils.ts": {"path":"C:\\Users\\David\\Documents\\APKMobile\\nextjs\\nextjs-pc\\tiendita-pc\\lib\\utils.ts","statementMap":{"0":{"start":{"line":4,"column":0},"end":{"line":4,"column":16}},"1":{"start":{"line":1,"column":0},"end":{"line":1,"column":44}},"2":{"start":{"line":2,"column":0},"end":{"line":2,"column":40}},"3":{"start":{"line":5,"column":2},"end":{"line":5,"column":null}}},"fnMap":{"0":{"name":"cn","decl":{"start":{"line":4,"column":16},"end":{"line":4,"column":18}},"loc":{"start":{"line":4,"column":42},"end":{"line":6,"column":1}}}},"branchMap":{},"s":{"0":1,"1":1,"2":1,"3":7},"f":{"0":7},"b":{}}
}
