TN:
SF:lib\api-service.ts
FN:60,(anonymous_7)
FN:63,(anonymous_8)
FN:81,(anonymous_9)
FN:98,(anonymous_10)
FN:115,(anonymous_11)
FN:133,(anonymous_12)
FN:150,(anonymous_13)
FN:167,(anonymous_14)
FN:184,(anonymous_15)
FN:448,(anonymous_16)
FN:475,(anonymous_17)
FN:480,(anonymous_18)
FN:480,(anonymous_19)
FN:481,(anonymous_20)
FN:497,(anonymous_21)
FN:497,(anonymous_22)
FN:498,(anonymous_23)
FN:501,(anonymous_24)
FN:504,(anonymous_25)
FN:504,(anonymous_26)
FN:505,(anonymous_27)
FN:508,(anonymous_28)
FN:516,(anonymous_29)
FN:516,(anonymous_30)
FN:517,(anonymous_31)
FN:520,(anonymous_32)
FN:527,(anonymous_33)
FN:527,(anonymous_34)
FN:528,(anonymous_35)
FN:531,(anonymous_36)
FN:537,(anonymous_37)
FN:537,(anonymous_38)
FN:538,(anonymous_39)
FN:543,(anonymous_40)
FN:543,(anonymous_41)
FN:544,(anonymous_42)
FN:547,(anonymous_43)
FN:550,(anonymous_44)
FN:550,(anonymous_45)
FN:551,(anonymous_46)
FN:554,(anonymous_47)
FN:562,(anonymous_48)
FN:562,(anonymous_49)
FN:563,(anonymous_50)
FN:566,(anonymous_51)
FN:572,(anonymous_52)
FN:572,(anonymous_53)
FN:573,(anonymous_54)
FN:578,(anonymous_55)
FN:578,(anonymous_56)
FN:579,(anonymous_57)
FN:582,(anonymous_58)
FN:585,(anonymous_59)
FN:585,(anonymous_60)
FN:586,(anonymous_61)
FN:589,(anonymous_62)
FN:592,(anonymous_63)
FN:592,(anonymous_64)
FN:593,(anonymous_65)
FN:603,(anonymous_66)
FN:603,(anonymous_67)
FN:604,(anonymous_68)
FN:607,(anonymous_69)
FN:615,(anonymous_70)
FN:615,(anonymous_71)
FN:616,(anonymous_72)
FN:619,(anonymous_73)
FN:625,(anonymous_74)
FN:625,(anonymous_75)
FN:626,(anonymous_76)
FN:631,(anonymous_77)
FN:631,(anonymous_78)
FN:632,(anonymous_79)
FN:645,(anonymous_80)
FN:645,(anonymous_81)
FN:646,(anonymous_82)
FN:649,(anonymous_83)
FN:657,(anonymous_84)
FN:657,(anonymous_85)
FN:658,(anonymous_86)
FN:661,(anonymous_87)
FN:667,(anonymous_88)
FN:675,(anonymous_89)
FN:676,(anonymous_90)
FN:692,(anonymous_91)
FN:708,(anonymous_92)
FN:714,(anonymous_93)
FN:724,(anonymous_94)
FN:725,(anonymous_95)
FN:726,(anonymous_96)
FN:727,(anonymous_97)
FN:732,(anonymous_98)
FN:733,(anonymous_99)
FN:739,(anonymous_100)
FN:740,(anonymous_101)
FNF:95
FNH:95
FNDA:30,(anonymous_7)
FNDA:180,(anonymous_8)
FNDA:180,(anonymous_9)
FNDA:180,(anonymous_10)
FNDA:240,(anonymous_11)
FNDA:210,(anonymous_12)
FNDA:180,(anonymous_13)
FNDA:210,(anonymous_14)
FNDA:240,(anonymous_15)
FNDA:29,(anonymous_16)
FNDA:29,(anonymous_17)
FNDA:7,(anonymous_18)
FNDA:7,(anonymous_19)
FNDA:7,(anonymous_20)
FNDA:3,(anonymous_21)
FNDA:3,(anonymous_22)
FNDA:3,(anonymous_23)
FNDA:56,(anonymous_24)
FNDA:1,(anonymous_25)
FNDA:1,(anonymous_26)
FNDA:1,(anonymous_27)
FNDA:1,(anonymous_28)
FNDA:1,(anonymous_29)
FNDA:1,(anonymous_30)
FNDA:1,(anonymous_31)
FNDA:54,(anonymous_32)
FNDA:1,(anonymous_33)
FNDA:1,(anonymous_34)
FNDA:1,(anonymous_35)
FNDA:54,(anonymous_36)
FNDA:6,(anonymous_37)
FNDA:6,(anonymous_38)
FNDA:6,(anonymous_39)
FNDA:3,(anonymous_40)
FNDA:3,(anonymous_41)
FNDA:3,(anonymous_42)
FNDA:7,(anonymous_43)
FNDA:1,(anonymous_44)
FNDA:1,(anonymous_45)
FNDA:1,(anonymous_46)
FNDA:1,(anonymous_47)
FNDA:1,(anonymous_48)
FNDA:1,(anonymous_49)
FNDA:1,(anonymous_50)
FNDA:5,(anonymous_51)
FNDA:8,(anonymous_52)
FNDA:8,(anonymous_53)
FNDA:8,(anonymous_54)
FNDA:2,(anonymous_55)
FNDA:2,(anonymous_56)
FNDA:2,(anonymous_57)
FNDA:2,(anonymous_58)
FNDA:1,(anonymous_59)
FNDA:1,(anonymous_60)
FNDA:1,(anonymous_61)
FNDA:5,(anonymous_62)
FNDA:3,(anonymous_63)
FNDA:3,(anonymous_64)
FNDA:3,(anonymous_65)
FNDA:1,(anonymous_66)
FNDA:1,(anonymous_67)
FNDA:1,(anonymous_68)
FNDA:1,(anonymous_69)
FNDA:1,(anonymous_70)
FNDA:1,(anonymous_71)
FNDA:1,(anonymous_72)
FNDA:5,(anonymous_73)
FNDA:5,(anonymous_74)
FNDA:5,(anonymous_75)
FNDA:5,(anonymous_76)
FNDA:3,(anonymous_77)
FNDA:3,(anonymous_78)
FNDA:3,(anonymous_79)
FNDA:1,(anonymous_80)
FNDA:1,(anonymous_81)
FNDA:1,(anonymous_82)
FNDA:1,(anonymous_83)
FNDA:1,(anonymous_84)
FNDA:1,(anonymous_85)
FNDA:1,(anonymous_86)
FNDA:1,(anonymous_87)
FNDA:1,(anonymous_88)
FNDA:1,(anonymous_89)
FNDA:1,(anonymous_90)
FNDA:7,(anonymous_91)
FNDA:7,(anonymous_92)
FNDA:12,(anonymous_93)
FNDA:7,(anonymous_94)
FNDA:7,(anonymous_95)
FNDA:7,(anonymous_96)
FNDA:7,(anonymous_97)
FNDA:7,(anonymous_98)
FNDA:11,(anonymous_99)
FNDA:10,(anonymous_100)
FNDA:20,(anonymous_101)
DA:2,1
DA:60,1
DA:62,30
DA:63,180
DA:81,180
DA:98,180
DA:115,240
DA:133,210
DA:150,180
DA:167,210
DA:184,240
DA:203,30
DA:247,30
DA:444,30
DA:448,1
DA:449,29
DA:451,29
DA:454,29
DA:456,29
DA:457,29
DA:460,29
DA:461,29
DA:464,29
DA:465,29
DA:469,29
DA:473,1
DA:476,29
DA:480,7
DA:481,7
DA:482,7
DA:485,7
DA:488,7
DA:489,1
DA:490,1
DA:491,1
DA:494,7
DA:497,3
DA:498,3
DA:499,3
DA:500,3
DA:501,56
DA:504,1
DA:505,1
DA:506,1
DA:507,1
DA:508,1
DA:509,1
DA:510,1
DA:511,1
DA:513,1
DA:516,1
DA:517,1
DA:518,1
DA:519,1
DA:520,54
DA:521,1
DA:522,1
DA:523,1
DA:524,1
DA:527,1
DA:528,1
DA:529,1
DA:530,1
DA:531,54
DA:532,1
DA:533,1
DA:537,6
DA:538,6
DA:539,6
DA:540,6
DA:543,3
DA:544,3
DA:545,3
DA:546,3
DA:547,7
DA:550,1
DA:551,1
DA:552,1
DA:553,1
DA:554,1
DA:555,1
DA:556,1
DA:557,1
DA:559,1
DA:562,1
DA:563,1
DA:564,1
DA:565,1
DA:566,5
DA:567,1
DA:568,1
DA:572,8
DA:573,8
DA:574,8
DA:575,8
DA:578,2
DA:579,2
DA:580,2
DA:581,2
DA:582,2
DA:585,1
DA:586,1
DA:587,1
DA:588,1
DA:589,5
DA:592,3
DA:593,3
DA:594,3
DA:595,3
DA:596,3
DA:597,3
DA:598,3
DA:599,3
DA:600,3
DA:603,1
DA:604,1
DA:605,1
DA:606,1
DA:607,1
DA:608,1
DA:609,1
DA:610,1
DA:612,1
DA:615,1
DA:616,1
DA:617,1
DA:618,1
DA:619,5
DA:620,1
DA:621,1
DA:625,5
DA:626,5
DA:627,5
DA:628,5
DA:631,3
DA:632,3
DA:633,3
DA:634,3
DA:635,3
DA:640,3
DA:641,3
DA:642,3
DA:645,1
DA:646,1
DA:647,1
DA:648,1
DA:649,1
DA:650,1
DA:651,1
DA:652,1
DA:654,1
DA:657,1
DA:658,1
DA:659,1
DA:660,1
DA:661,1
DA:662,1
DA:663,1
DA:675,1
DA:676,1
DA:677,1
DA:678,0
DA:688,1
DA:689,1
DA:692,7
DA:693,1
DA:694,1
DA:695,1
DA:698,1
DA:699,1
DA:701,1
DA:702,1
DA:703,12
DA:704,12
DA:705,12
DA:708,1
DA:709,7
DA:710,7
DA:711,7
DA:714,1
DA:715,12
DA:716,12
DA:723,1
DA:724,7
DA:725,7
DA:726,7
DA:727,7
DA:731,1
DA:732,1
DA:733,7
DA:734,11
DA:735,11
DA:738,1
DA:739,10
DA:740,20
DA:743,1
LF:196
LH:195
BRDA:145,0,0,90
BRDA:145,0,1,120
BRDA:145,1,0,60
BRDA:145,1,1,60
BRDA:195,2,0,240
BRDA:195,2,1,0
BRDA:449,3,0,0
BRDA:456,4,0,29
BRDA:460,5,0,29
BRDA:464,6,0,29
BRDA:482,7,0,0
BRDA:485,8,0,7
BRDA:485,8,1,1
BRDA:488,9,0,1
BRDA:488,10,0,7
BRDA:488,10,1,7
BRDA:499,11,0,0
BRDA:500,12,0,3
BRDA:500,12,1,0
BRDA:501,13,0,3
BRDA:501,13,1,1
BRDA:501,14,0,56
BRDA:501,14,1,8
BRDA:506,15,0,0
BRDA:507,16,0,1
BRDA:507,16,1,0
BRDA:508,17,0,1
BRDA:508,17,1,1
BRDA:509,18,0,1
BRDA:518,19,0,0
BRDA:519,20,0,1
BRDA:519,20,1,0
BRDA:529,21,0,0
BRDA:530,22,0,1
BRDA:530,22,1,0
BRDA:531,23,0,54
BRDA:531,23,1,6
BRDA:539,24,0,0
BRDA:540,25,0,6
BRDA:540,25,1,0
BRDA:545,26,0,0
BRDA:546,27,0,3
BRDA:546,27,1,0
BRDA:547,28,0,3
BRDA:547,28,1,1
BRDA:552,29,0,0
BRDA:553,30,0,1
BRDA:553,30,1,0
BRDA:555,31,0,1
BRDA:564,32,0,0
BRDA:565,33,0,1
BRDA:565,33,1,0
BRDA:574,34,0,0
BRDA:575,35,0,8
BRDA:575,35,1,0
BRDA:580,36,0,0
BRDA:581,37,0,2
BRDA:581,37,1,0
BRDA:582,38,0,2
BRDA:582,38,1,0
BRDA:587,39,0,0
BRDA:588,40,0,1
BRDA:588,40,1,0
BRDA:594,41,0,0
BRDA:595,42,0,3
BRDA:595,42,1,0
BRDA:605,43,0,0
BRDA:606,44,0,1
BRDA:606,44,1,0
BRDA:608,45,0,1
BRDA:617,46,0,0
BRDA:618,47,0,1
BRDA:618,47,1,0
BRDA:627,48,0,0
BRDA:628,49,0,5
BRDA:628,49,1,0
BRDA:633,50,0,0
BRDA:634,51,0,3
BRDA:634,51,1,0
BRDA:647,52,0,0
BRDA:648,53,0,1
BRDA:648,53,1,0
BRDA:650,54,0,1
BRDA:659,55,0,0
BRDA:660,56,0,1
BRDA:660,56,1,0
BRDA:677,57,0,0
BRDA:688,58,0,1
BRDA:688,58,1,0
BRDA:689,59,0,1
BRDA:689,59,1,0
BRDA:695,60,0,1
BRDA:695,60,1,0
BRDA:711,61,0,7
BRDA:735,62,0,11
BRDA:735,62,1,10
BRF:96
BRH:52
end_of_record
TN:
SF:lib\calculations.ts
FN:3,calculateTotalPrice
FN:29,(anonymous_1)
FN:47,(anonymous_2)
FN:53,calculateTotalWattage
FN:82,(anonymous_4)
FNF:5
FNH:5
FNDA:4,calculateTotalPrice
FNDA:2,(anonymous_1)
FNDA:2,(anonymous_2)
FNDA:6,calculateTotalWattage
FNDA:5,(anonymous_4)
DA:3,1
DA:4,4
DA:7,4
DA:8,2
DA:12,4
DA:13,1
DA:17,4
DA:18,2
DA:22,4
DA:23,1
DA:27,4
DA:28,2
DA:29,2
DA:31,1
DA:36,4
DA:37,1
DA:41,4
DA:42,1
DA:46,4
DA:47,2
DA:50,4
DA:53,1
DA:54,6
DA:57,6
DA:58,6
DA:61,6
DA:63,3
DA:64,3
DA:68,6
DA:69,3
DA:73,6
DA:74,2
DA:75,2
DA:79,6
DA:80,4
DA:82,2
DA:83,5
DA:84,4
DA:85,2
DA:86,1
DA:88,2
DA:91,2
DA:92,2
DA:93,1
DA:94,1
DA:98,6
LF:46
LH:46
BRDA:7,0,0,2
BRDA:12,1,0,1
BRDA:17,2,0,2
BRDA:18,3,0,2
BRDA:18,3,1,1
BRDA:22,4,0,1
BRDA:27,5,0,2
BRDA:28,6,0,1
BRDA:28,6,1,1
BRDA:36,7,0,1
BRDA:41,8,0,1
BRDA:46,9,0,1
BRDA:46,10,0,4
BRDA:46,10,1,1
BRDA:61,11,0,3
BRDA:63,12,0,2
BRDA:63,12,1,1
BRDA:68,13,0,3
BRDA:69,14,0,3
BRDA:69,14,1,1
BRDA:73,15,0,2
BRDA:74,16,0,2
BRDA:74,16,1,0
BRDA:79,17,0,4
BRDA:80,18,0,2
BRDA:80,18,1,2
BRDA:83,19,0,1
BRDA:84,20,0,2
BRDA:85,21,0,1
BRDA:91,22,0,0
BRDA:91,22,1,2
BRDA:92,23,0,1
BRDA:92,23,1,1
BRDA:93,24,0,0
BRDA:93,24,1,1
BRF:35
BRH:32
end_of_record
TN:
SF:lib\mock-data.ts
FNF:0
FNH:0
DA:1,1
LF:1
LH:1
BRF:0
BRH:0
end_of_record
TN:
SF:lib\utils.ts
FN:4,cn
FNF:1
FNH:1
FNDA:7,cn
DA:1,1
DA:2,1
DA:4,1
DA:5,7
LF:4
LH:4
BRF:0
BRH:0
end_of_record
